#
# A fatal error has been detected by the Java Runtime Environment:
#
#  SIGSEGV (0xb) at pc=0x000000019abd67c8, pid=79715, tid=156163
#
# JRE version: Java(TM) SE Runtime Environment (20.0.2+9) (build 20.0.2+9-78)
# Java VM: Java HotSpot(TM) 64-Bit Server VM (20.0.2+9-78, mixed mode, sharing, tiered, compressed oops, compressed class ptrs, g1 gc, bsd-aarch64)
# Problematic frame:
# C  [MediaToolbox+0x27e7c8]  FigSimpleRenderPipelineCreateWithCallback+0x2818
#
# No core dump will be written. Core dumps have been disabled. To enable core dumping, try "ulimit -c unlimited" before starting Java again
#
# If you would like to submit a bug report, please visit:
#   https://bugreport.java.com/bugreport/crash.jsp
#

---------------  S U M M A R Y ------------

Command Line: --module-path=/Users/linhdo/Documents/FA23/COMSC-225/javafx-sdk-20.0.2/lib --add-modules=javafx.base,javafx.controls,javafx.media -Dfile.encoding=UTF-8 -Dstdout.encoding=UTF-8 -Dstderr.encoding=UTF-8 -XX:+ShowCodeDetailsInExceptionMessages angryflappybird.AngryFlappyBird

Host: "MacBookPro18,3" arm64, 8 cores, 16G, Darwin 23.1.0, macOS 14.1.1 (23B81)
Time: Sat Dec  9 11:33:33 2023 EST elapsed time: 13.393774 seconds (0d 0h 0m 13s)

---------------  T H R E A D  ---------------

Current thread is native thread

Stack: [0x0000000282d24000,0x0000000282da7000],  sp=0x0000000282da6940,  free space=522k
Native frames: (J=compiled Java code, j=interpreted, Vv=VM code, C=native code)
C  [MediaToolbox+0x27e7c8]  FigSimpleRenderPipelineCreateWithCallback+0x2818
C  [MediaToolbox+0xe4f70]  FigAudioQueueCopyPerformanceDictionary+0x27e4
C  [MediaToolbox+0xe4808]  FigAudioQueueCopyPerformanceDictionary+0x207c
C  [libdispatch.dylib+0x3910]  _dispatch_client_callout+0x14
C  [libdispatch.dylib+0xaea4]  _dispatch_lane_serial_drain+0x2ec
C  [libdispatch.dylib+0xba08]  _dispatch_lane_invoke+0x1b0
C  [libdispatch.dylib+0x151f4]  _dispatch_root_queue_drain+0x188
C  [libdispatch.dylib+0x14f84]  _dispatch_worker_thread+0x104
C  [libsystem_pthread.dylib+0x7034]  _pthread_start+0x88

siginfo: si_signo: 11 (SIGSEGV), si_code: 2 (SEGV_ACCERR), si_addr: 0x0000000000000028

Registers:
 x0=0x0000000000000000  x1=0x0000000000000000  x2=0x0000000282da6c30  x3=0x0000000282da6be0
 x4=0x4127cc0ab9860568  x5=0x0000000000000001  x6=0x0000000000000000  x7=0x0000000000000000
 x8=0x0000000000000020  x9=0x0000000000000000 x10=0x0100000100000000 x11=0x0000001000002ac3
x12=0x0fbb0ace02040004 x13=0x0200000110000938 x14=0x0000020000001000 x15=0x02000000100008b8
x16=0x0000000195da7b14 x17=0x00000001eabd3930 x18=0x0000000000000000 x19=0x000000013cf76f80
x20=0x0000000282da6be0 x21=0x0000000282da6c30 x22=0x0000000000000000 x23=0x0000000000000000
x24=0x0000000000000000 x25=0x0000000282da6b78 x26=0x00000001e0ca2000 x27=0x000060000075cb00
x28=0x000060000075d200  fp=0x0000000282da6a40  lr=0x000000019abd67c4  sp=0x0000000282da6940
pc=0x000000019abd67c8 cpsr=0x0000000060001000

Top of Stack: (sp=0x0000000282da6940)
0x0000000282da6940:   0000000282da69af 0000000282da6c30
0x0000000282da6950:   0000000000000080 0000000282da6be0
0x0000000282da6960:   0000000000000048 000060000088aac0
0x0000000282da6970:   0000000000000000 0000000000000001
0x0000000282da6980:   0000000282da6a40 f14e00018b79e398
0x0000000282da6990:   0000000282da6c30 0000008000000000
0x0000000282da69a0:   0000000000100000 0000000282da69fe
0x0000000282da69b0:   000026cfa28741f8 0000000000000000
0x0000000282da69c0:   0000000000000000 000000019a958000
0x0000000282da69d0:   000000019aa3cd6c 000000019b1a0ace
0x0000000282da69e0:   0000000000000000 ece21c4e849b008c
0x0000000282da69f0:   3ffa1685faa8cf1f 401aff00650da14f
0x0000000282da6a00:   000060000075d200 000060000075cb00
0x0000000282da6a10:   0000000000000001 000000013cf77108
0x0000000282da6a20:   3ffa1685faa8cf1f 0000000000000000
0x0000000282da6a30:   000000013cf81be0 000000013cf76f80
0x0000000282da6a40:   0000000282da6d20 ec3980019aa3cf70
0x0000000282da6a50:   0000000282da6be0 0000000000000048
0x0000000282da6a60:   0000000000000000 0000000000000000
0x0000000282da6a70:   0000000000048aa0 000000010000ac44
0x0000000282da6a80:   0000000000000000 0000000000af8ca0
0x0000000282da6a90:   00000001006baa80 0000000000000000
0x0000000282da6aa0:   0002c534ff1afa21 000000013b9aca00
0x0000000282da6ab0:   0000000000000000 0000000282da6c40
0x0000000282da6ac0:   0000000000048aa0 000000010000ac44
0x0000000282da6ad0:   0000000000000000 000060000088aac0
0x0000000282da6ae0:   41122a8000000000 0000000000000000
0x0000000282da6af0:   0000000000000000 0000000000000000
0x0000000282da6b00:   0000000000000000 0000000000000000
0x0000000282da6b10:   0000000000000000 0000000000000001
0x0000000282da6b20:   00000000000357e8 000000010000ac44
0x0000000282da6b30:   0000000000000000 000000019a958000 

Instructions: (pc=0x000000019abd67c8)
0x000000019abd66c8:   350004e8 aa0003f3 39403288 37000288
0x000000019abd66d8:   a9047fff f9002bff f9403660 910103e8
0x000000019abd66e8:   94168796 f9401260 3dc013e0 3d800be0
0x000000019abd66f8:   f9402be8 f9001be8 b025f6e8 f9443d08
0x000000019abd6708:   3dc00100 3d8003e0 f9400908 f9000be8
0x000000019abd6718:   910083e1 910003e2 1400000e f9401260
0x000000019abd6728:   3dc00280 3d8013e0 f9400a88 f9002be8
0x000000019abd6738:   b025f6e8 f9443d08 3dc00100 3d800be0
0x000000019abd6748:   f9400908 f9001be8 910103e1 910083e2
0x000000019abd6758:   1e204100 d2800003 97f68bf8 a9487bfd
0x000000019abd6768:   a9474ff4 6d4623e9 910243ff d65f0fff
0x000000019abd6778:   d503237f d10443ff 6d0b23e9 a90c6ffc
0x000000019abd6788:   a90d5ff8 a90e57f6 a90f4ff4 a9107bfd
0x000000019abd6798:   910403fd 1e204008 aa0303f4 aa0203f5
0x000000019abd67a8:   aa0103f8 aa0003f6 9025f6e8 f945c508
0x000000019abd67b8:   f9400108 f81a83a8 941680bc aa0003f7
0x000000019abd67c8:   f9401400 941692e5 f9403af3 f9003aff
0x000000019abd67d8:   3cc782e0 3d800be0 f94046e8 f9001be8
0x000000019abd67e8:   f94016e0 941692e5 34000438 9025f6e8
0x000000019abd67f8:   f946b508 f9400100 9025f6e2 f9474042
0x000000019abd6808:   9025f6e3 f9474463 d2800001 94167acb
0x000000019abd6818:   aa0003f4 9025f728 913d4108 f9400101
0x000000019abd6828:   aa1803e2 94168ba5 f94006f5 94168213
0x000000019abd6838:   aa0003e1 9025f728 913d8108 f9400102
0x000000019abd6848:   aa1503e0 aa1603e3 aa1403e4 52800005
0x000000019abd6858:   94168eaa 3900e2ff b4000074 aa1403e0
0x000000019abd6868:   94167be6 b5000833 14000042 f94036f6
0x000000019abd6878:   9416817a aa0003e2 3dc002a0 3d801be0
0x000000019abd6888:   f9400aa8 f9003be8 910203e8 910183e0
0x000000019abd6898:   aa1603e1 941685f1 f94043e8 f81983a8
0x000000019abd68a8:   29515be8 b81a03a8 360003b6 f9404bf7
0x000000019abd68b8:   910023e8 52800020 52807d01 94168683 



---------------  P R O C E S S  ---------------

VM state: not at safepoint (normal execution)

VM Mutex/Monitor currently owned by a thread: None

Heap address: 0x0000000700000000, size: 4096 MB, Compressed Oops mode: Zero based, Oop shift amount: 3

CDS archive(s) mapped at: [0x0000007000000000-0x0000007000c78000-0x0000007000c78000), size 13074432, SharedBaseAddress: 0x0000007000000000, ArchiveRelocationMode: 1.
Compressed class space mapped at: 0x0000007001000000-0x0000007041000000, reserved size: 1073741824
Narrow klass base: 0x0000007000000000, Narrow klass shift: 0, Narrow klass range: 0x100000000

GC Precious Log:
<Skipped>

Heap:
 garbage-first heap   total 266240K, used 56258K [0x0000000700000000, 0x0000000800000000)
  region size 2048K, 25 young (51200K), 4 survivors (8192K)
 Metaspace       used 15226K, committed 15488K, reserved 1114112K
  class space    used 2124K, committed 2240K, reserved 1048576K

Heap Regions: E=young(eden), S=young(survivor), O=old, HS=humongous(starts), HC=humongous(continues), CS=collection set, F=free, OA=open archive, CA=closed archive, TAMS=top-at-mark-start, PB=parsable bottom
|   0|0x0000000700000000, 0x0000000700200000, 0x0000000700200000|100%|HS|  |TAMS 0x0000000700000000| PB 0x0000000700000000| Complete 
|   1|0x0000000700200000, 0x0000000700400000, 0x0000000700400000|100%| O|  |TAMS 0x0000000700200000| PB 0x0000000700200000| Untracked 
|   2|0x0000000700400000, 0x0000000700422600, 0x0000000700600000|  6%| O|  |TAMS 0x0000000700400000| PB 0x0000000700400000| Untracked 
|   3|0x0000000700600000, 0x0000000700600000, 0x0000000700800000|  0%| F|  |TAMS 0x0000000700600000| PB 0x0000000700600000| Untracked 
|   4|0x0000000700800000, 0x0000000700800000, 0x0000000700a00000|  0%| F|  |TAMS 0x0000000700800000| PB 0x0000000700800000| Untracked 
|   5|0x0000000700a00000, 0x0000000700a00000, 0x0000000700c00000|  0%| F|  |TAMS 0x0000000700a00000| PB 0x0000000700a00000| Untracked 
|   6|0x0000000700c00000, 0x0000000700c00000, 0x0000000700e00000|  0%| F|  |TAMS 0x0000000700c00000| PB 0x0000000700c00000| Untracked 
|   7|0x0000000700e00000, 0x0000000700e00000, 0x0000000701000000|  0%| F|  |TAMS 0x0000000700e00000| PB 0x0000000700e00000| Untracked 
|   8|0x0000000701000000, 0x0000000701000000, 0x0000000701200000|  0%| F|  |TAMS 0x0000000701000000| PB 0x0000000701000000| Untracked 
|   9|0x0000000701200000, 0x0000000701200000, 0x0000000701400000|  0%| F|  |TAMS 0x0000000701200000| PB 0x0000000701200000| Untracked 
|  10|0x0000000701400000, 0x0000000701400000, 0x0000000701600000|  0%| F|  |TAMS 0x0000000701400000| PB 0x0000000701400000| Untracked 
|  11|0x0000000701600000, 0x0000000701600000, 0x0000000701800000|  0%| F|  |TAMS 0x0000000701600000| PB 0x0000000701600000| Untracked 
|  12|0x0000000701800000, 0x0000000701800000, 0x0000000701a00000|  0%| F|  |TAMS 0x0000000701800000| PB 0x0000000701800000| Untracked 
|  13|0x0000000701a00000, 0x0000000701a00000, 0x0000000701c00000|  0%| F|  |TAMS 0x0000000701a00000| PB 0x0000000701a00000| Untracked 
|  14|0x0000000701c00000, 0x0000000701c00000, 0x0000000701e00000|  0%| F|  |TAMS 0x0000000701c00000| PB 0x0000000701c00000| Untracked 
|  15|0x0000000701e00000, 0x0000000701e00000, 0x0000000702000000|  0%| F|  |TAMS 0x0000000701e00000| PB 0x0000000701e00000| Untracked 
|  16|0x0000000702000000, 0x0000000702000000, 0x0000000702200000|  0%| F|  |TAMS 0x0000000702000000| PB 0x0000000702000000| Untracked 
|  17|0x0000000702200000, 0x0000000702200000, 0x0000000702400000|  0%| F|  |TAMS 0x0000000702200000| PB 0x0000000702200000| Untracked 
|  18|0x0000000702400000, 0x0000000702400000, 0x0000000702600000|  0%| F|  |TAMS 0x0000000702400000| PB 0x0000000702400000| Untracked 
|  19|0x0000000702600000, 0x0000000702600000, 0x0000000702800000|  0%| F|  |TAMS 0x0000000702600000| PB 0x0000000702600000| Untracked 
|  20|0x0000000702800000, 0x0000000702800000, 0x0000000702a00000|  0%| F|  |TAMS 0x0000000702800000| PB 0x0000000702800000| Untracked 
|  21|0x0000000702a00000, 0x0000000702a00000, 0x0000000702c00000|  0%| F|  |TAMS 0x0000000702a00000| PB 0x0000000702a00000| Untracked 
|  22|0x0000000702c00000, 0x0000000702c00000, 0x0000000702e00000|  0%| F|  |TAMS 0x0000000702c00000| PB 0x0000000702c00000| Untracked 
|  23|0x0000000702e00000, 0x0000000702e00000, 0x0000000703000000|  0%| F|  |TAMS 0x0000000702e00000| PB 0x0000000702e00000| Untracked 
|  24|0x0000000703000000, 0x0000000703000000, 0x0000000703200000|  0%| F|  |TAMS 0x0000000703000000| PB 0x0000000703000000| Untracked 
|  25|0x0000000703200000, 0x0000000703200000, 0x0000000703400000|  0%| F|  |TAMS 0x0000000703200000| PB 0x0000000703200000| Untracked 
|  26|0x0000000703400000, 0x0000000703400000, 0x0000000703600000|  0%| F|  |TAMS 0x0000000703400000| PB 0x0000000703400000| Untracked 
|  27|0x0000000703600000, 0x0000000703600000, 0x0000000703800000|  0%| F|  |TAMS 0x0000000703600000| PB 0x0000000703600000| Untracked 
|  28|0x0000000703800000, 0x0000000703800000, 0x0000000703a00000|  0%| F|  |TAMS 0x0000000703800000| PB 0x0000000703800000| Untracked 
|  29|0x0000000703a00000, 0x0000000703a00000, 0x0000000703c00000|  0%| F|  |TAMS 0x0000000703a00000| PB 0x0000000703a00000| Untracked 
|  30|0x0000000703c00000, 0x0000000703c00000, 0x0000000703e00000|  0%| F|  |TAMS 0x0000000703c00000| PB 0x0000000703c00000| Untracked 
|  31|0x0000000703e00000, 0x0000000703e00000, 0x0000000704000000|  0%| F|  |TAMS 0x0000000703e00000| PB 0x0000000703e00000| Untracked 
|  32|0x0000000704000000, 0x0000000704000000, 0x0000000704200000|  0%| F|  |TAMS 0x0000000704000000| PB 0x0000000704000000| Untracked 
|  33|0x0000000704200000, 0x0000000704200000, 0x0000000704400000|  0%| F|  |TAMS 0x0000000704200000| PB 0x0000000704200000| Untracked 
|  34|0x0000000704400000, 0x0000000704400000, 0x0000000704600000|  0%| F|  |TAMS 0x0000000704400000| PB 0x0000000704400000| Untracked 
|  35|0x0000000704600000, 0x0000000704600000, 0x0000000704800000|  0%| F|  |TAMS 0x0000000704600000| PB 0x0000000704600000| Untracked 
|  36|0x0000000704800000, 0x0000000704800000, 0x0000000704a00000|  0%| F|  |TAMS 0x0000000704800000| PB 0x0000000704800000| Untracked 
|  37|0x0000000704a00000, 0x0000000704a00000, 0x0000000704c00000|  0%| F|  |TAMS 0x0000000704a00000| PB 0x0000000704a00000| Untracked 
|  38|0x0000000704c00000, 0x0000000704c00000, 0x0000000704e00000|  0%| F|  |TAMS 0x0000000704c00000| PB 0x0000000704c00000| Untracked 
|  39|0x0000000704e00000, 0x0000000704e00000, 0x0000000705000000|  0%| F|  |TAMS 0x0000000704e00000| PB 0x0000000704e00000| Untracked 
|  40|0x0000000705000000, 0x0000000705000000, 0x0000000705200000|  0%| F|  |TAMS 0x0000000705000000| PB 0x0000000705000000| Untracked 
|  41|0x0000000705200000, 0x0000000705200000, 0x0000000705400000|  0%| F|  |TAMS 0x0000000705200000| PB 0x0000000705200000| Untracked 
|  42|0x0000000705400000, 0x0000000705400000, 0x0000000705600000|  0%| F|  |TAMS 0x0000000705400000| PB 0x0000000705400000| Untracked 
|  43|0x0000000705600000, 0x0000000705600000, 0x0000000705800000|  0%| F|  |TAMS 0x0000000705600000| PB 0x0000000705600000| Untracked 
|  44|0x0000000705800000, 0x0000000705800000, 0x0000000705a00000|  0%| F|  |TAMS 0x0000000705800000| PB 0x0000000705800000| Untracked 
|  45|0x0000000705a00000, 0x0000000705a00000, 0x0000000705c00000|  0%| F|  |TAMS 0x0000000705a00000| PB 0x0000000705a00000| Untracked 
|  46|0x0000000705c00000, 0x0000000705c00000, 0x0000000705e00000|  0%| F|  |TAMS 0x0000000705c00000| PB 0x0000000705c00000| Untracked 
|  47|0x0000000705e00000, 0x0000000705e00000, 0x0000000706000000|  0%| F|  |TAMS 0x0000000705e00000| PB 0x0000000705e00000| Untracked 
|  48|0x0000000706000000, 0x0000000706186690, 0x0000000706200000| 76%| S|CS|TAMS 0x0000000706000000| PB 0x0000000706000000| Complete 
|  49|0x0000000706200000, 0x0000000706400000, 0x0000000706400000|100%| S|CS|TAMS 0x0000000706200000| PB 0x0000000706200000| Complete 
|  50|0x0000000706400000, 0x0000000706600000, 0x0000000706600000|100%| S|CS|TAMS 0x0000000706400000| PB 0x0000000706400000| Complete 
|  51|0x0000000706600000, 0x0000000706800000, 0x0000000706800000|100%| S|CS|TAMS 0x0000000706600000| PB 0x0000000706600000| Complete 
|  52|0x0000000706800000, 0x0000000706800000, 0x0000000706a00000|  0%| F|  |TAMS 0x0000000706800000| PB 0x0000000706800000| Untracked 
|  53|0x0000000706a00000, 0x0000000706a00000, 0x0000000706c00000|  0%| F|  |TAMS 0x0000000706a00000| PB 0x0000000706a00000| Untracked 
|  54|0x0000000706c00000, 0x0000000706c00000, 0x0000000706e00000|  0%| F|  |TAMS 0x0000000706c00000| PB 0x0000000706c00000| Untracked 
|  55|0x0000000706e00000, 0x0000000706e00000, 0x0000000707000000|  0%| F|  |TAMS 0x0000000706e00000| PB 0x0000000706e00000| Untracked 
|  56|0x0000000707000000, 0x0000000707000000, 0x0000000707200000|  0%| F|  |TAMS 0x0000000707000000| PB 0x0000000707000000| Untracked 
|  57|0x0000000707200000, 0x0000000707200000, 0x0000000707400000|  0%| F|  |TAMS 0x0000000707200000| PB 0x0000000707200000| Untracked 
|  58|0x0000000707400000, 0x0000000707400000, 0x0000000707600000|  0%| F|  |TAMS 0x0000000707400000| PB 0x0000000707400000| Untracked 
|  59|0x0000000707600000, 0x0000000707600000, 0x0000000707800000|  0%| F|  |TAMS 0x0000000707600000| PB 0x0000000707600000| Untracked 
|  60|0x0000000707800000, 0x0000000707800000, 0x0000000707a00000|  0%| F|  |TAMS 0x0000000707800000| PB 0x0000000707800000| Untracked 
|  61|0x0000000707a00000, 0x0000000707a00000, 0x0000000707c00000|  0%| F|  |TAMS 0x0000000707a00000| PB 0x0000000707a00000| Untracked 
|  62|0x0000000707c00000, 0x0000000707c00000, 0x0000000707e00000|  0%| F|  |TAMS 0x0000000707c00000| PB 0x0000000707c00000| Untracked 
|  63|0x0000000707e00000, 0x0000000707e00000, 0x0000000708000000|  0%| F|  |TAMS 0x0000000707e00000| PB 0x0000000707e00000| Untracked 
|  64|0x0000000708000000, 0x0000000708000000, 0x0000000708200000|  0%| F|  |TAMS 0x0000000708000000| PB 0x0000000708000000| Untracked 
|  65|0x0000000708200000, 0x0000000708200000, 0x0000000708400000|  0%| F|  |TAMS 0x0000000708200000| PB 0x0000000708200000| Untracked 
|  66|0x0000000708400000, 0x0000000708400000, 0x0000000708600000|  0%| F|  |TAMS 0x0000000708400000| PB 0x0000000708400000| Untracked 
|  67|0x0000000708600000, 0x0000000708600000, 0x0000000708800000|  0%| F|  |TAMS 0x0000000708600000| PB 0x0000000708600000| Untracked 
|  68|0x0000000708800000, 0x0000000708800000, 0x0000000708a00000|  0%| F|  |TAMS 0x0000000708800000| PB 0x0000000708800000| Untracked 
|  69|0x0000000708a00000, 0x0000000708a00000, 0x0000000708c00000|  0%| F|  |TAMS 0x0000000708a00000| PB 0x0000000708a00000| Untracked 
|  70|0x0000000708c00000, 0x0000000708c00000, 0x0000000708e00000|  0%| F|  |TAMS 0x0000000708c00000| PB 0x0000000708c00000| Untracked 
|  71|0x0000000708e00000, 0x0000000708e00000, 0x0000000709000000|  0%| F|  |TAMS 0x0000000708e00000| PB 0x0000000708e00000| Untracked 
|  72|0x0000000709000000, 0x0000000709000000, 0x0000000709200000|  0%| F|  |TAMS 0x0000000709000000| PB 0x0000000709000000| Untracked 
|  73|0x0000000709200000, 0x0000000709200000, 0x0000000709400000|  0%| F|  |TAMS 0x0000000709200000| PB 0x0000000709200000| Untracked 
|  74|0x0000000709400000, 0x0000000709400000, 0x0000000709600000|  0%| F|  |TAMS 0x0000000709400000| PB 0x0000000709400000| Untracked 
|  75|0x0000000709600000, 0x0000000709600000, 0x0000000709800000|  0%| F|  |TAMS 0x0000000709600000| PB 0x0000000709600000| Untracked 
|  76|0x0000000709800000, 0x0000000709800000, 0x0000000709a00000|  0%| F|  |TAMS 0x0000000709800000| PB 0x0000000709800000| Untracked 
|  77|0x0000000709a00000, 0x0000000709a00000, 0x0000000709c00000|  0%| F|  |TAMS 0x0000000709a00000| PB 0x0000000709a00000| Untracked 
|  78|0x0000000709c00000, 0x0000000709c00000, 0x0000000709e00000|  0%| F|  |TAMS 0x0000000709c00000| PB 0x0000000709c00000| Untracked 
|  79|0x0000000709e00000, 0x0000000709e00000, 0x000000070a000000|  0%| F|  |TAMS 0x0000000709e00000| PB 0x0000000709e00000| Untracked 
|  80|0x000000070a000000, 0x000000070a000000, 0x000000070a200000|  0%| F|  |TAMS 0x000000070a000000| PB 0x000000070a000000| Untracked 
|  81|0x000000070a200000, 0x000000070a200000, 0x000000070a400000|  0%| F|  |TAMS 0x000000070a200000| PB 0x000000070a200000| Untracked 
|  82|0x000000070a400000, 0x000000070a400000, 0x000000070a600000|  0%| F|  |TAMS 0x000000070a400000| PB 0x000000070a400000| Untracked 
|  83|0x000000070a600000, 0x000000070a600000, 0x000000070a800000|  0%| F|  |TAMS 0x000000070a600000| PB 0x000000070a600000| Untracked 
|  84|0x000000070a800000, 0x000000070a800000, 0x000000070aa00000|  0%| F|  |TAMS 0x000000070a800000| PB 0x000000070a800000| Untracked 
|  85|0x000000070aa00000, 0x000000070aa00000, 0x000000070ac00000|  0%| F|  |TAMS 0x000000070aa00000| PB 0x000000070aa00000| Untracked 
|  86|0x000000070ac00000, 0x000000070ac00000, 0x000000070ae00000|  0%| F|  |TAMS 0x000000070ac00000| PB 0x000000070ac00000| Untracked 
|  87|0x000000070ae00000, 0x000000070ae00000, 0x000000070b000000|  0%| F|  |TAMS 0x000000070ae00000| PB 0x000000070ae00000| Untracked 
|  88|0x000000070b000000, 0x000000070b000000, 0x000000070b200000|  0%| F|  |TAMS 0x000000070b000000| PB 0x000000070b000000| Untracked 
|  89|0x000000070b200000, 0x000000070b200000, 0x000000070b400000|  0%| F|  |TAMS 0x000000070b200000| PB 0x000000070b200000| Untracked 
|  90|0x000000070b400000, 0x000000070b400000, 0x000000070b600000|  0%| F|  |TAMS 0x000000070b400000| PB 0x000000070b400000| Untracked 
|  91|0x000000070b600000, 0x000000070b600000, 0x000000070b800000|  0%| F|  |TAMS 0x000000070b600000| PB 0x000000070b600000| Untracked 
|  92|0x000000070b800000, 0x000000070b800000, 0x000000070ba00000|  0%| F|  |TAMS 0x000000070b800000| PB 0x000000070b800000| Untracked 
|  93|0x000000070ba00000, 0x000000070ba00000, 0x000000070bc00000|  0%| F|  |TAMS 0x000000070ba00000| PB 0x000000070ba00000| Untracked 
|  94|0x000000070bc00000, 0x000000070bc00000, 0x000000070be00000|  0%| F|  |TAMS 0x000000070bc00000| PB 0x000000070bc00000| Untracked 
|  95|0x000000070be00000, 0x000000070be00000, 0x000000070c000000|  0%| F|  |TAMS 0x000000070be00000| PB 0x000000070be00000| Untracked 
|  96|0x000000070c000000, 0x000000070c000000, 0x000000070c200000|  0%| F|  |TAMS 0x000000070c000000| PB 0x000000070c000000| Untracked 
|  97|0x000000070c200000, 0x000000070c200000, 0x000000070c400000|  0%| F|  |TAMS 0x000000070c200000| PB 0x000000070c200000| Untracked 
|  98|0x000000070c400000, 0x000000070c400000, 0x000000070c600000|  0%| F|  |TAMS 0x000000070c400000| PB 0x000000070c400000| Untracked 
|  99|0x000000070c600000, 0x000000070c600000, 0x000000070c800000|  0%| F|  |TAMS 0x000000070c600000| PB 0x000000070c600000| Untracked 
| 100|0x000000070c800000, 0x000000070c800000, 0x000000070ca00000|  0%| F|  |TAMS 0x000000070c800000| PB 0x000000070c800000| Untracked 
| 101|0x000000070ca00000, 0x000000070ca00000, 0x000000070cc00000|  0%| F|  |TAMS 0x000000070ca00000| PB 0x000000070ca00000| Untracked 
| 102|0x000000070cc00000, 0x000000070cc00000, 0x000000070ce00000|  0%| F|  |TAMS 0x000000070cc00000| PB 0x000000070cc00000| Untracked 
| 103|0x000000070ce00000, 0x000000070ce00000, 0x000000070d000000|  0%| F|  |TAMS 0x000000070ce00000| PB 0x000000070ce00000| Untracked 
| 104|0x000000070d000000, 0x000000070d000000, 0x000000070d200000|  0%| F|  |TAMS 0x000000070d000000| PB 0x000000070d000000| Untracked 
| 105|0x000000070d200000, 0x000000070d200000, 0x000000070d400000|  0%| F|  |TAMS 0x000000070d200000| PB 0x000000070d200000| Untracked 
| 106|0x000000070d400000, 0x000000070d400000, 0x000000070d600000|  0%| F|  |TAMS 0x000000070d400000| PB 0x000000070d400000| Untracked 
| 107|0x000000070d600000, 0x000000070d74fbd8, 0x000000070d800000| 65%| E|  |TAMS 0x000000070d600000| PB 0x000000070d600000| Complete 
| 108|0x000000070d800000, 0x000000070da00000, 0x000000070da00000|100%| E|CS|TAMS 0x000000070d800000| PB 0x000000070d800000| Complete 
| 109|0x000000070da00000, 0x000000070dc00000, 0x000000070dc00000|100%| E|CS|TAMS 0x000000070da00000| PB 0x000000070da00000| Complete 
| 110|0x000000070dc00000, 0x000000070de00000, 0x000000070de00000|100%| E|CS|TAMS 0x000000070dc00000| PB 0x000000070dc00000| Complete 
| 111|0x000000070de00000, 0x000000070e000000, 0x000000070e000000|100%| E|CS|TAMS 0x000000070de00000| PB 0x000000070de00000| Complete 
| 112|0x000000070e000000, 0x000000070e200000, 0x000000070e200000|100%| E|CS|TAMS 0x000000070e000000| PB 0x000000070e000000| Complete 
| 113|0x000000070e200000, 0x000000070e400000, 0x000000070e400000|100%| E|CS|TAMS 0x000000070e200000| PB 0x000000070e200000| Complete 
| 114|0x000000070e400000, 0x000000070e600000, 0x000000070e600000|100%| E|CS|TAMS 0x000000070e400000| PB 0x000000070e400000| Complete 
| 115|0x000000070e600000, 0x000000070e800000, 0x000000070e800000|100%| E|CS|TAMS 0x000000070e600000| PB 0x000000070e600000| Complete 
| 116|0x000000070e800000, 0x000000070ea00000, 0x000000070ea00000|100%| E|CS|TAMS 0x000000070e800000| PB 0x000000070e800000| Complete 
| 117|0x000000070ea00000, 0x000000070ec00000, 0x000000070ec00000|100%| E|CS|TAMS 0x000000070ea00000| PB 0x000000070ea00000| Complete 
| 118|0x000000070ec00000, 0x000000070ee00000, 0x000000070ee00000|100%| E|CS|TAMS 0x000000070ec00000| PB 0x000000070ec00000| Complete 
| 119|0x000000070ee00000, 0x000000070f000000, 0x000000070f000000|100%| E|CS|TAMS 0x000000070ee00000| PB 0x000000070ee00000| Complete 
| 120|0x000000070f000000, 0x000000070f200000, 0x000000070f200000|100%| E|CS|TAMS 0x000000070f000000| PB 0x000000070f000000| Complete 
| 121|0x000000070f200000, 0x000000070f400000, 0x000000070f400000|100%| E|CS|TAMS 0x000000070f200000| PB 0x000000070f200000| Complete 
| 122|0x000000070f400000, 0x000000070f600000, 0x000000070f600000|100%| E|CS|TAMS 0x000000070f400000| PB 0x000000070f400000| Complete 
| 123|0x000000070f600000, 0x000000070f800000, 0x000000070f800000|100%| E|CS|TAMS 0x000000070f600000| PB 0x000000070f600000| Complete 
| 124|0x000000070f800000, 0x000000070fa00000, 0x000000070fa00000|100%| E|CS|TAMS 0x000000070f800000| PB 0x000000070f800000| Complete 
| 125|0x000000070fa00000, 0x000000070fc00000, 0x000000070fc00000|100%| E|CS|TAMS 0x000000070fa00000| PB 0x000000070fa00000| Complete 
| 126|0x000000070fc00000, 0x000000070fe00000, 0x000000070fe00000|100%| E|CS|TAMS 0x000000070fc00000| PB 0x000000070fc00000| Complete 
| 127|0x000000070fe00000, 0x0000000710000000, 0x0000000710000000|100%| E|CS|TAMS 0x000000070fe00000| PB 0x000000070fe00000| Complete 
|2046|0x00000007ffc00000, 0x00000007ffd78000, 0x00000007ffe00000| 73%|OA|  |TAMS 0x00000007ffc00000| PB 0x00000007ffc00000| Untracked 
|2047|0x00000007ffe00000, 0x00000007ffe80000, 0x0000000800000000| 25%|CA|  |TAMS 0x00000007ffe00000| PB 0x00000007ffe00000| Untracked 

Card table byte_map: [0x000000011e2a8000,0x000000011eaa8000] _byte_map_base: 0x000000011aaa8000

Marking Bits: (CMBitMap*) 0x000000013d032010
 Bits: [0x000000011f2a8000, 0x00000001232a8000)

Polling page: 0x0000000104ecc000

Metaspace:

Usage:
  Non-class:     12.79 MB used.
      Class:      2.07 MB used.
       Both:     14.87 MB used.

Virtual space:
  Non-class space:       64.00 MB reserved,      12.94 MB ( 20%) committed,  1 nodes.
      Class space:        1.00 GB reserved,       2.19 MB ( <1%) committed,  1 nodes.
             Both:        1.06 GB reserved,      15.12 MB (  1%) committed. 

Chunk freelists:
   Non-Class:  1.83 MB
       Class:  1.81 MB
        Both:  3.64 MB

MaxMetaspaceSize: unlimited
CompressedClassSpaceSize: 1.00 GB
Initial GC threshold: 21.00 MB
Current GC threshold: 21.00 MB
CDS: on
MetaspaceReclaimPolicy: balanced
 - commit_granule_bytes: 65536.
 - commit_granule_words: 8192.
 - virtual_space_node_default_size: 8388608.
 - enlarge_chunks_in_place: 1.
 - new_chunks_are_fully_committed: 0.
 - uncommit_free_chunks: 1.
 - use_allocation_guard: 0.


Internal statistics:

num_allocs_failed_limit: 0.
num_arena_births: 224.
num_arena_deaths: 0.
num_vsnodes_births: 2.
num_vsnodes_deaths: 0.
num_space_committed: 242.
num_space_uncommitted: 0.
num_chunks_returned_to_freelist: 0.
num_chunks_taken_from_freelist: 756.
num_chunk_merges: 0.
num_chunk_splits: 533.
num_chunks_enlarged: 419.
num_inconsistent_stats: 0.

CodeHeap 'non-profiled nmethods': size=120032Kb used=1836Kb max_used=1836Kb free=118195Kb
 bounds [0x0000000116d70000, 0x0000000116fe0000, 0x000000011e2a8000]
CodeHeap 'profiled nmethods': size=120016Kb used=7292Kb max_used=7292Kb free=112723Kb
 bounds [0x000000010f2a8000, 0x000000010f9c8000, 0x00000001167dc000]
CodeHeap 'non-nmethods': size=5712Kb used=1582Kb max_used=1606Kb free=4129Kb
 bounds [0x00000001167dc000, 0x0000000116a4c000, 0x0000000116d70000]
 total_blobs=4542 nmethods=3713 adapters=742
 compilation: enabled
              stopped_count=0, restarted_count=0
 full_count=0

Compilation events (20 events):
Event: 13.134 Thread 0x000000013d043e00 nmethod 3767 0x000000010f9c3f90 code [0x000000010f9c4200, 0x000000010f9c4b30]
Event: 13.134 Thread 0x000000013d043e00 3768       3       javafx.scene.layout.Region::snappedLeftInset (21 bytes)
Event: 13.134 Thread 0x000000013d043e00 nmethod 3768 0x000000010f9c4e90 code [0x000000010f9c5100, 0x000000010f9c5a30]
Event: 13.134 Thread 0x000000013d043e00 3769       1       javafx.geometry.Bounds::getHeight (5 bytes)
Event: 13.134 Thread 0x000000013d043e00 nmethod 3769 0x0000000116f35110 code [0x0000000116f35280, 0x0000000116f35328]
Event: 13.137 Thread 0x000000013d043e00 3770       3       javafx.scene.paint.Color::equals (75 bytes)
Event: 13.137 Thread 0x000000013d043e00 nmethod 3770 0x000000010f9c5d90 code [0x000000010f9c5f80, 0x000000010f9c6468]
Event: 13.140 Thread 0x000000013d043e00 3771       3       java.util.ArrayList::listIterator (10 bytes)
Event: 13.140 Thread 0x000000013d043e00 nmethod 3771 0x000000010f9c6590 code [0x000000010f9c6740, 0x000000010f9c6a68]
Event: 13.140 Thread 0x000000013d043e00 3772       3       java.util.ArrayList$ListItr::<init> (16 bytes)
Event: 13.141 Thread 0x000000013d043e00 nmethod 3772 0x000000010f9c6b90 code [0x000000010f9c6d40, 0x000000010f9c6fd0]
Event: 13.142 Thread 0x000000013d043800 nmethod 3763 0x0000000116f35410 code [0x0000000116f356c0, 0x0000000116f36370]
Event: 13.142 Thread 0x000000013d043800 3764       4       com.sun.javafx.css.ParsedValueImpl::containsFontRelativeSize (231 bytes)
Event: 13.148 Thread 0x000000013d043800 nmethod 3764 0x0000000116f36b90 code [0x0000000116f36dc0, 0x0000000116f37588]
Event: 13.148 Thread 0x000000013d043800 3762       4       javafx.scene.CssStyleHelper::resolveLookups (463 bytes)
Event: 13.167 Thread 0x000000013d043800 nmethod 3762 0x0000000116f37c90 code [0x0000000116f38000, 0x0000000116f39778]
Event: 13.167 Thread 0x000000013d043800 3765       4       com.sun.javafx.css.ParsedValueImpl::convert (24 bytes)
Event: 13.167 Thread 0x000000013d043800 nmethod 3765 0x0000000116f3ac90 code [0x0000000116f3ae00, 0x0000000116f3aed0]
Event: 13.237 Thread 0x000000013d043800 3774       4       java.lang.ref.Cleaner$1::apply (9 bytes)
Event: 13.237 Thread 0x000000013d043800 nmethod 3774 0x0000000116f3af90 code [0x0000000116f3b100, 0x0000000116f3b1c0]

GC Heap History (6 events):
Event: 3.759 GC heap before
{Heap before GC invocations=0 (full 0):
 garbage-first heap   total 266240K, used 24544K [0x0000000700000000, 0x0000000800000000)
  region size 2048K, 11 young (22528K), 0 survivors (0K)
 Metaspace       used 4517K, committed 4736K, reserved 1114112K
  class space    used 499K, committed 576K, reserved 1048576K
}
Event: 3.760 GC heap after
{Heap after GC invocations=1 (full 0):
 garbage-first heap   total 266240K, used 5417K [0x0000000700000000, 0x0000000800000000)
  region size 2048K, 2 young (4096K), 2 survivors (4096K)
 Metaspace       used 4517K, committed 4736K, reserved 1114112K
  class space    used 499K, committed 576K, reserved 1048576K
}
Event: 5.280 GC heap before
{Heap before GC invocations=1 (full 0):
 garbage-first heap   total 266240K, used 54569K [0x0000000700000000, 0x0000000800000000)
  region size 2048K, 26 young (53248K), 2 survivors (4096K)
 Metaspace       used 13990K, committed 14272K, reserved 1114112K
  class space    used 2026K, committed 2176K, reserved 1048576K
}
Event: 5.283 GC heap after
{Heap after GC invocations=2 (full 0):
 garbage-first heap   total 266240K, used 14441K [0x0000000700000000, 0x0000000800000000)
  region size 2048K, 4 young (8192K), 4 survivors (8192K)
 Metaspace       used 13990K, committed 14272K, reserved 1114112K
  class space    used 2026K, committed 2176K, reserved 1048576K
}
Event: 11.754 GC heap before
{Heap before GC invocations=2 (full 0):
 garbage-first heap   total 266240K, used 159849K [0x0000000700000000, 0x0000000800000000)
  region size 2048K, 76 young (155648K), 4 survivors (8192K)
 Metaspace       used 15118K, committed 15360K, reserved 1114112K
  class space    used 2118K, committed 2240K, reserved 1048576K
}
Event: 11.758 GC heap after
{Heap after GC invocations=3 (full 0):
 garbage-first heap   total 266240K, used 13955K [0x0000000700000000, 0x0000000800000000)
  region size 2048K, 4 young (8192K), 4 survivors (8192K)
 Metaspace       used 15118K, committed 15360K, reserved 1114112K
  class space    used 2118K, committed 2240K, reserved 1048576K
}

Dll operation events (12 events):
Event: 0.003 Loaded shared library /Library/Java/JavaVirtualMachines/jdk-20.jdk/Contents/Home/lib/libjava.dylib
Event: 0.017 Loaded shared library /Library/Java/JavaVirtualMachines/jdk-20.jdk/Contents/Home/lib/libnio.dylib
Event: 0.030 Loaded shared library /Library/Java/JavaVirtualMachines/jdk-20.jdk/Contents/Home/lib/libzip.dylib
Event: 0.110 Loaded shared library /Users/linhdo/Documents/FA23/COMSC-225/javafx-sdk-20.0.2/lib/libprism_es2.dylib
Event: 0.151 Loaded shared library /Users/linhdo/Documents/FA23/COMSC-225/javafx-sdk-20.0.2/lib/libglass.dylib
Event: 3.705 Loaded shared library /Library/Java/JavaVirtualMachines/jdk-20.jdk/Contents/Home/lib/libjimage.dylib
Event: 3.714 Loaded shared library /Users/linhdo/Documents/FA23/COMSC-225/javafx-sdk-20.0.2/lib/libglib-lite.dylib
Event: 3.716 Loaded shared library /Users/linhdo/Documents/FA23/COMSC-225/javafx-sdk-20.0.2/lib/libgstreamer-lite.dylib
Event: 3.717 Loaded shared library /Users/linhdo/Documents/FA23/COMSC-225/javafx-sdk-20.0.2/lib/libjfxmedia.dylib
Event: 3.721 Loaded shared library /Users/linhdo/Documents/FA23/COMSC-225/javafx-sdk-20.0.2/lib/libjfxmedia_avf.dylib
Event: 3.744 Loaded shared library /Library/Java/JavaVirtualMachines/jdk-20.jdk/Contents/Home/lib/libnet.dylib
Event: 3.854 Loaded shared library /Users/linhdo/Documents/FA23/COMSC-225/javafx-sdk-20.0.2/lib/libjavafx_font.dylib

Deoptimization events (20 events):
Event: 11.338 Thread 0x000000013d885400 DEOPT PACKING pc=0x0000000116ec7494 sp=0x000000016af42d90
Event: 11.338 Thread 0x000000013d885400 DEOPT UNPACKING pc=0x000000011682b51c sp=0x000000016af42d30 mode 2
Event: 11.338 Thread 0x000000013d885400 Uncommon trap: trap_request=0xffffffde fr.pc=0x0000000116ec7494 relative=0x0000000000000094
Event: 11.338 Thread 0x000000013d885400 Uncommon trap: reason=class_check action=maybe_recompile pc=0x0000000116ec7494 method=com.sun.javafx.collections.VetoableListDecorator.size()I @ 4 c2
Event: 11.338 Thread 0x000000013d885400 DEOPT PACKING pc=0x0000000116ec7494 sp=0x000000016af42d90
Event: 11.338 Thread 0x000000013d885400 DEOPT UNPACKING pc=0x000000011682b51c sp=0x000000016af42d30 mode 2
Event: 11.339 Thread 0x000000013d885400 DEOPT PACKING pc=0x000000010f8e5690 sp=0x000000016af42f00
Event: 11.339 Thread 0x000000013d885400 DEOPT UNPACKING pc=0x000000011682b37c sp=0x000000016af42c90 mode 3
Event: 11.340 Thread 0x000000013e811a00 Uncommon trap: trap_request=0xffffff45 fr.pc=0x0000000116f100b8 relative=0x00000000000003b8
Event: 11.340 Thread 0x000000013e811a00 Uncommon trap: reason=unstable_if action=reinterpret pc=0x0000000116f100b8 method=com.sun.javafx.sg.prism.NGNode.computeNodeRenderRoot(Lcom/sun/javafx/sg/prism/NodePath;Lcom/sun/javafx/geom/RectBounds;ILcom/sun/javafx/geom/transform/BaseTransform;Lcom/sun
Event: 11.340 Thread 0x000000013e811a00 DEOPT PACKING pc=0x0000000116f100b8 sp=0x000000016d7c5660
Event: 11.340 Thread 0x000000013e811a00 DEOPT UNPACKING pc=0x000000011682b51c sp=0x000000016d7c55d0 mode 2
Event: 12.773 Thread 0x000000013e811a00 Uncommon trap: trap_request=0xffffff45 fr.pc=0x0000000116f2e4a8 relative=0x00000000000000e8
Event: 12.773 Thread 0x000000013e811a00 Uncommon trap: reason=unstable_if action=reinterpret pc=0x0000000116f2e4a8 method=com.sun.prism.impl.ManagedResource.bumpAge(I)V @ 7 c2
Event: 12.773 Thread 0x000000013e811a00 DEOPT PACKING pc=0x0000000116f2e4a8 sp=0x000000016d7c6330
Event: 12.773 Thread 0x000000013e811a00 DEOPT UNPACKING pc=0x000000011682b51c sp=0x000000016d7c6240 mode 2
Event: 13.129 Thread 0x000000013d885400 DEOPT PACKING pc=0x000000010f918fcc sp=0x000000016af42e40
Event: 13.129 Thread 0x000000013d885400 DEOPT UNPACKING pc=0x000000011682b37c sp=0x000000016af42b70 mode 3
Event: 13.132 Thread 0x000000013d885400 DEOPT PACKING pc=0x000000010f936b34 sp=0x000000016af42fe0
Event: 13.132 Thread 0x000000013d885400 DEOPT UNPACKING pc=0x000000011682b37c sp=0x000000016af42d00 mode 3

Classes loaded (20 events):
Event: 4.205 Loading class java/nio/DirectFloatBufferU
Event: 4.205 Loading class java/nio/DirectFloatBufferU done
Event: 4.592 Loading class java/util/EnumMap$Values
Event: 4.592 Loading class java/util/EnumMap$Values done
Event: 4.592 Loading class java/util/EnumMap$ValueIterator
Event: 4.592 Loading class java/util/EnumMap$EnumMapIterator
Event: 4.592 Loading class java/util/EnumMap$EnumMapIterator done
Event: 4.592 Loading class java/util/EnumMap$ValueIterator done
Event: 5.731 Loading class java/util/Timer
Event: 5.731 Loading class java/util/Timer done
Event: 5.731 Loading class java/util/TaskQueue
Event: 5.731 Loading class java/util/TaskQueue done
Event: 5.731 Loading class java/util/TimerThread
Event: 5.731 Loading class java/util/TimerThread done
Event: 5.731 Loading class java/util/Timer$ThreadReaper
Event: 5.731 Loading class java/util/Timer$ThreadReaper done
Event: 13.131 Loading class java/math/BigDecimal
Event: 13.131 Loading class java/math/BigDecimal done
Event: 13.132 Loading class java/math/MathContext
Event: 13.132 Loading class java/math/MathContext done

Classes unloaded (0 events):
No events

Classes redefined (0 events):
No events

Internal exceptions (20 events):
Event: 4.138 Thread 0x000000013d1eb000 Exception <a 'java/lang/NoSuchMethodError'{0x000000070fe985b8}: 'void java.lang.invoke.DirectMethodHandle$Holder.invokeSpecial(java.lang.Object, java.lang.Object, double)'> (0x000000070fe985b8) 
thrown [open/src/hotspot/share/interpreter/linkResolver.cpp, line 773]
Event: 4.138 Thread 0x000000013d984e00 Exception <a 'java/lang/NoSuchMethodError'{0x000000070ff36540}: 'void java.lang.invoke.DirectMethodHandle$Holder.invokeSpecial(java.lang.Object, java.lang.Object, double)'> (0x000000070ff36540) 
thrown [open/src/hotspot/share/interpreter/linkResolver.cpp, line 773]
Event: 4.138 Thread 0x000000013d1eb000 Exception <a 'java/lang/NoSuchMethodError'{0x000000070fe9e740}: 'java.lang.Object java.lang.invoke.DirectMethodHandle$Holder.newInvokeSpecial(java.lang.Object, java.lang.Object, double)'> (0x000000070fe9e740) 
thrown [open/src/hotspot/share/interpreter/linkResolver.cpp, line 773]
Event: 4.138 Thread 0x000000013d984e00 Exception <a 'java/lang/NoSuchMethodError'{0x000000070ff3bb80}: 'java.lang.Object java.lang.invoke.DirectMethodHandle$Holder.newInvokeSpecial(java.lang.Object, java.lang.Object, double)'> (0x000000070ff3bb80) 
thrown [open/src/hotspot/share/interpreter/linkResolver.cpp, line 773]
Event: 4.153 Thread 0x000000013d885400 Exception <a 'java/lang/NoSuchMethodError'{0x000000070d93f7d8}: 'long java.lang.invoke.DirectMethodHandle$Holder.invokeStatic(java.lang.Object, java.lang.Object, java.lang.Object)'> (0x000000070d93f7d8) 
thrown [open/src/hotspot/share/interpreter/linkResolver.cpp, line 773]
Event: 4.153 Thread 0x000000013d885400 Exception <a 'java/lang/NoSuchMethodError'{0x000000070d942ba8}: 'long java.lang.invoke.DirectMethodHandle$Holder.invokeStaticInit(java.lang.Object, java.lang.Object, java.lang.Object)'> (0x000000070d942ba8) 
thrown [open/src/hotspot/share/interpreter/linkResolver.cpp, line 773]
Event: 4.154 Thread 0x000000013d885400 Exception <a 'java/lang/NoSuchMethodError'{0x000000070d95b070}: 'java.lang.Object java.lang.invoke.DirectMethodHandle$Holder.newInvokeSpecial(java.lang.Object, java.lang.Object, long)'> (0x000000070d95b070) 
thrown [open/src/hotspot/share/interpreter/linkResolver.cpp, line 773]
Event: 4.154 Thread 0x000000013d885400 Exception <a 'java/lang/NoSuchMethodError'{0x000000070d95e6b8}: 'java.lang.Object java.lang.invoke.Invokers$Holder.linkToTargetMethod(java.lang.Object, long, java.lang.Object)'> (0x000000070d95e6b8) 
thrown [open/src/hotspot/share/interpreter/linkResolver.cpp, line 773]
Event: 4.168 Thread 0x000000013e811a00 Exception <a 'java/lang/NoSuchMethodError'{0x000000070d69e8f8}: 'int java.lang.invoke.DirectMethodHandle$Holder.invokeStaticInit(java.lang.Object, java.lang.Object)'> (0x000000070d69e8f8) 
thrown [open/src/hotspot/share/interpreter/linkResolver.cpp, line 773]
Event: 4.171 Thread 0x000000013e811a00 Exception <a 'java/lang/NoSuchMethodError'{0x000000070d6e76e8}: 'java.lang.Object java.lang.invoke.Invokers$Holder.invokeExact_MT(java.lang.Object, java.lang.Object, java.lang.Object, java.lang.Object, java.lang.Object)'> (0x000000070d6e76e8) 
thrown [open/src/hotspot/share/interpreter/linkResolver.cpp, line 773]
Event: 5.722 Thread 0x000000013d885400 Exception <a 'java/io/FileNotFoundException'{0x000000070fa21250}> (0x000000070fa21250) 
thrown [open/src/hotspot/share/prims/jni.cpp, line 519]
Event: 5.724 Thread 0x000000013d885400 Exception <a 'java/io/FileNotFoundException'{0x000000070fa4ab30}> (0x000000070fa4ab30) 
thrown [open/src/hotspot/share/prims/jni.cpp, line 519]
Event: 5.725 Thread 0x000000013d885400 Exception <a 'java/io/FileNotFoundException'{0x000000070fa74438}> (0x000000070fa74438) 
thrown [open/src/hotspot/share/prims/jni.cpp, line 519]
Event: 5.726 Thread 0x000000013d885400 Exception <a 'java/io/FileNotFoundException'{0x000000070fa84348}> (0x000000070fa84348) 
thrown [open/src/hotspot/share/prims/jni.cpp, line 519]
Event: 5.739 Thread 0x000000013d885400 Exception <a 'java/io/FileNotFoundException'{0x000000070f80dc78}> (0x000000070f80dc78) 
thrown [open/src/hotspot/share/prims/jni.cpp, line 519]
Event: 5.740 Thread 0x000000013d885400 Exception <a 'java/io/FileNotFoundException'{0x000000070f837558}> (0x000000070f837558) 
thrown [open/src/hotspot/share/prims/jni.cpp, line 519]
Event: 5.741 Thread 0x000000013d885400 Exception <a 'java/io/FileNotFoundException'{0x000000070f860e60}> (0x000000070f860e60) 
thrown [open/src/hotspot/share/prims/jni.cpp, line 519]
Event: 5.741 Thread 0x000000013d885400 Exception <a 'java/io/FileNotFoundException'{0x000000070f870d70}> (0x000000070f870d70) 
thrown [open/src/hotspot/share/prims/jni.cpp, line 519]
Event: 7.561 Thread 0x000000013d885400 Exception <a 'java/lang/UnsatisfiedLinkError'{0x000000070e490920}: 'boolean com.sun.media.jfxmediaimpl.NativeAudioClip.nacInit()'> (0x000000070e490920) 
thrown [open/src/hotspot/share/prims/nativeLookup.cpp, line 414]
Event: 7.563 Thread 0x000000013d885400 Implicit null exception at 0x0000000116ed9ba8 to 0x0000000116ed9d74

VM Operations (20 events):
Event: 6.605 Executing VM operation: ICBufferFull
Event: 6.605 Executing VM operation: ICBufferFull done
Event: 7.608 Executing VM operation: Cleanup
Event: 7.608 Executing VM operation: Cleanup done
Event: 8.613 Executing VM operation: Cleanup
Event: 8.613 Executing VM operation: Cleanup done
Event: 9.613 Executing VM operation: Cleanup
Event: 9.614 Executing VM operation: Cleanup done
Event: 10.619 Executing VM operation: Cleanup
Event: 10.619 Executing VM operation: Cleanup done
Event: 11.336 Executing VM operation: HandshakeAllThreads
Event: 11.336 Executing VM operation: HandshakeAllThreads done
Event: 11.338 Executing VM operation: HandshakeAllThreads
Event: 11.338 Executing VM operation: HandshakeAllThreads done
Event: 11.338 Executing VM operation: HandshakeAllThreads
Event: 11.338 Executing VM operation: HandshakeAllThreads done
Event: 11.754 Executing VM operation: G1CollectForAllocation
Event: 11.758 Executing VM operation: G1CollectForAllocation done
Event: 12.763 Executing VM operation: Cleanup
Event: 12.763 Executing VM operation: Cleanup done

Events (20 events):
Event: 13.279 Protecting memory [0x000000016febc000,0x000000016fec8000] with protection modes 0
Event: 13.279 Thread 0x000000013e80a400 Thread added: 0x000000013e80a400
Event: 13.279 Protecting memory [0x000000016febc000,0x000000016fec8000] with protection modes 3
Event: 13.279 Thread 0x000000013e80a400 Thread exited: 0x000000013e80a400
Event: 13.279 Protecting memory [0x000000016febc000,0x000000016fec8000] with protection modes 0
Event: 13.279 Thread 0x000000013e80a400 Thread added: 0x000000013e80a400
Event: 13.279 Protecting memory [0x000000016febc000,0x000000016fec8000] with protection modes 3
Event: 13.279 Thread 0x000000013e80a400 Thread exited: 0x000000013e80a400
Event: 13.311 Protecting memory [0x0000000281468000,0x0000000281474000] with protection modes 3
Event: 13.311 Thread 0x000000013dac1000 Thread exited: 0x000000013dac1000
Event: 13.312 Thread 0x000000013dac1000 Thread added: 0x000000013dac1000
Event: 13.312 Protecting memory [0x0000000281468000,0x0000000281474000] with protection modes 0
Event: 13.343 Protecting memory [0x000000016febc000,0x000000016fec8000] with protection modes 0
Event: 13.343 Thread 0x000000013dbb5000 Thread added: 0x000000013dbb5000
Event: 13.343 Protecting memory [0x000000016febc000,0x000000016fec8000] with protection modes 3
Event: 13.343 Thread 0x000000013dbb5000 Thread exited: 0x000000013dbb5000
Event: 13.343 Protecting memory [0x000000016febc000,0x000000016fec8000] with protection modes 0
Event: 13.343 Thread 0x000000013dbb5000 Thread added: 0x000000013dbb5000
Event: 13.343 Protecting memory [0x000000016febc000,0x000000016fec8000] with protection modes 3
Event: 13.343 Thread 0x000000013dbb5000 Thread exited: 0x000000013dbb5000


Dynamic libraries:
0x0000000105338000 	/Library/Java/JavaVirtualMachines/jdk-20.jdk/Contents/Home/lib/libjli.dylib
0x00000001a5656000 	/System/Library/Frameworks/Cocoa.framework/Versions/A/Cocoa
0x000000018f2a5000 	/System/Library/Frameworks/AppKit.framework/Versions/C/AppKit
0x00000001922cf000 	/System/Library/Frameworks/CoreData.framework/Versions/A/CoreData
0x000000018cbb2000 	/System/Library/Frameworks/Foundation.framework/Versions/C/Foundation
0x000000019827d000 	/usr/lib/libSystem.B.dylib
0x00000001905ba000 	/System/Library/PrivateFrameworks/UIFoundation.framework/Versions/A/UIFoundation
0x00000002003c3000 	/System/Library/PrivateFrameworks/CollectionViewCore.framework/Versions/A/CollectionViewCore
0x000000019f3b2000 	/System/Library/PrivateFrameworks/RemoteViewServices.framework/Versions/A/RemoteViewServices
0x0000000196328000 	/System/Library/PrivateFrameworks/XCTTargetBootstrap.framework/Versions/A/XCTTargetBootstrap
0x000000019a865000 	/System/Library/PrivateFrameworks/InternationalSupport.framework/Versions/A/InternationalSupport
0x000000019a8ec000 	/System/Library/PrivateFrameworks/UserActivity.framework/Versions/A/UserActivity
0x0000000222857000 	/System/Library/PrivateFrameworks/WindowManagement.framework/Versions/A/WindowManagement
0x000000018c83c000 	/System/Library/Frameworks/SystemConfiguration.framework/Versions/A/SystemConfiguration
0x0000000199d08000 	/usr/lib/libspindump.dylib
0x000000019076e000 	/System/Library/Frameworks/UniformTypeIdentifiers.framework/Versions/A/UniformTypeIdentifiers
0x0000000194286000 	/usr/lib/libapp_launch_measurement.dylib
0x0000000193695000 	/System/Library/PrivateFrameworks/CoreAnalytics.framework/Versions/A/CoreAnalytics
0x000000019428d000 	/System/Library/PrivateFrameworks/CoreAutoLayout.framework/Versions/A/CoreAutoLayout
0x0000000195b57000 	/System/Library/Frameworks/Metal.framework/Versions/A/Metal
0x0000000196a96000 	/usr/lib/liblangid.dylib
0x000000019632e000 	/System/Library/PrivateFrameworks/CoreSVG.framework/Versions/A/CoreSVG
0x0000000191129000 	/System/Library/PrivateFrameworks/SkyLight.framework/Versions/A/SkyLight
0x00000001915bb000 	/System/Library/Frameworks/CoreGraphics.framework/Versions/A/CoreGraphics
0x000000019fafa000 	/System/Library/Frameworks/Accelerate.framework/Versions/A/Accelerate
0x0000000199b66000 	/System/Library/PrivateFrameworks/IconServices.framework/Versions/A/IconServices
0x0000000195b35000 	/System/Library/Frameworks/IOSurface.framework/Versions/A/IOSurface
0x00000001936c4000 	/usr/lib/libDiagnosticMessagesClient.dylib
0x00000001981c1000 	/usr/lib/libz.1.dylib
0x00000001a31d0000 	/System/Library/Frameworks/ApplicationServices.framework/Versions/A/ApplicationServices
0x0000000196310000 	/System/Library/PrivateFrameworks/DFRFoundation.framework/Versions/A/DFRFoundation
0x000000018eb12000 	/usr/lib/libicucore.A.dylib
0x000000019b8c6000 	/System/Library/Frameworks/AudioToolbox.framework/Versions/A/AudioToolbox
0x000000019a871000 	/System/Library/PrivateFrameworks/DataDetectorsCore.framework/Versions/A/DataDetectorsCore
0x00000001b37d3000 	/System/Library/PrivateFrameworks/TextInput.framework/Versions/A/TextInput
0x000000019107c000 	/usr/lib/libMobileGestalt.dylib
0x0000000196050000 	/System/Library/Frameworks/Carbon.framework/Versions/A/Frameworks/HIToolbox.framework/Versions/A/HIToolbox
0x0000000193b96000 	/System/Library/Frameworks/QuartzCore.framework/Versions/A/QuartzCore
0x000000018e750000 	/System/Library/Frameworks/Security.framework/Versions/A/Security
0x000000019f3f2000 	/System/Library/Frameworks/Carbon.framework/Versions/A/Frameworks/SpeechRecognition.framework/Versions/A/SpeechRecognition
0x0000000193fb4000 	/System/Library/PrivateFrameworks/CoreUI.framework/Versions/A/CoreUI
0x000000018e062000 	/System/Library/Frameworks/CoreAudio.framework/Versions/A/CoreAudio
0x00000001937a8000 	/System/Library/Frameworks/DiskArbitration.framework/Versions/A/DiskArbitration
0x000000019a15e000 	/System/Library/PrivateFrameworks/MultitouchSupport.framework/Versions/A/MultitouchSupport
0x000000019107a000 	/usr/lib/libenergytrace.dylib
0x00000001a9625000 	/System/Library/PrivateFrameworks/RenderBox.framework/Versions/A/RenderBox
0x000000018f15c000 	/System/Library/Frameworks/IOKit.framework/Versions/A/IOKit
0x000000019f7f6000 	/System/Library/Frameworks/CoreServices.framework/Versions/A/CoreServices
0x0000000194212000 	/System/Library/PrivateFrameworks/PerformanceAnalysis.framework/Versions/A/PerformanceAnalysis
0x00000001f393a000 	/System/Library/Frameworks/OpenGL.framework/Versions/A/OpenGL
0x00000001942d7000 	/usr/lib/libxml2.2.dylib
0x00000001976c3000 	/System/Library/PrivateFrameworks/MobileKeyBag.framework/Versions/A/MobileKeyBag
0x000000018b658000 	/usr/lib/libobjc.A.dylib
0x000000018b941000 	/usr/lib/libc++.1.dylib
0x000000019f773000 	/System/Library/Frameworks/Accessibility.framework/Versions/A/Accessibility
0x0000000191c98000 	/System/Library/Frameworks/ColorSync.framework/Versions/A/ColorSync
0x000000018ba88000 	/System/Library/Frameworks/CoreFoundation.framework/Versions/A/CoreFoundation
0x0000000196683000 	/System/Library/Frameworks/CoreImage.framework/Versions/A/CoreImage
0x000000018de6e000 	/System/Library/Frameworks/CoreText.framework/Versions/A/CoreText
0x00000001f6156000 	/System/Library/Frameworks/CoreTransferable.framework/Versions/A/CoreTransferable
0x00000001f6638000 	/System/Library/Frameworks/DeveloperToolsSupport.framework/Versions/A/DeveloperToolsSupport
0x0000000196369000 	/System/Library/Frameworks/ImageIO.framework/Versions/A/ImageIO
0x00000001fadb9000 	/System/Library/Frameworks/Symbols.framework/Versions/A/Symbols
0x0000000198283000 	/System/Library/PrivateFrameworks/SoftLinking.framework/Versions/A/SoftLinking
0x000000019b299000 	/usr/lib/swift/libswiftCore.dylib
0x00000001b0586000 	/usr/lib/swift/libswiftCoreFoundation.dylib
0x00000001ae355000 	/usr/lib/swift/libswiftCoreGraphics.dylib
0x00000001b05d2000 	/usr/lib/swift/libswiftCoreImage.dylib
0x00000001ae35c000 	/usr/lib/swift/libswiftDarwin.dylib
0x00000001a0e5d000 	/usr/lib/swift/libswiftDispatch.dylib
0x00000001b05d3000 	/usr/lib/swift/libswiftIOKit.dylib
0x00000001bbf26000 	/usr/lib/swift/libswiftMetal.dylib
0x00000001c884b000 	/usr/lib/swift/libswiftOSLog.dylib
0x00000001a3637000 	/usr/lib/swift/libswiftObjectiveC.dylib
0x00000001bfb8e000 	/usr/lib/swift/libswiftQuartzCore.dylib
0x00000001c3bae000 	/usr/lib/swift/libswiftUniformTypeIdentifiers.dylib
0x00000001b059c000 	/usr/lib/swift/libswiftXPC.dylib
0x000000022abe0000 	/usr/lib/swift/libswift_Concurrency.dylib
0x00000001a363b000 	/usr/lib/swift/libswiftos.dylib
0x00000001b3737000 	/usr/lib/swift/libswiftsimd.dylib
0x0000000198430000 	/usr/lib/libcompression.dylib
0x000000019a7bf000 	/System/Library/PrivateFrameworks/TextureIO.framework/Versions/A/TextureIO
0x0000000199819000 	/usr/lib/libate.dylib
0x0000000198277000 	/usr/lib/system/libcache.dylib
0x0000000198233000 	/usr/lib/system/libcommonCrypto.dylib
0x000000019825e000 	/usr/lib/system/libcompiler_rt.dylib
0x0000000198254000 	/usr/lib/system/libcopyfile.dylib
0x000000018b7a3000 	/usr/lib/system/libcorecrypto.dylib
0x000000018b878000 	/usr/lib/system/libdispatch.dylib
0x000000018ba2f000 	/usr/lib/system/libdyld.dylib
0x000000019826d000 	/usr/lib/system/libkeymgr.dylib
0x000000019820b000 	/usr/lib/system/libmacho.dylib
0x00000001977a8000 	/usr/lib/system/libquarantine.dylib
0x000000019826a000 	/usr/lib/system/libremovefile.dylib
0x00000001910f0000 	/usr/lib/system/libsystem_asl.dylib
0x000000018b73c000 	/usr/lib/system/libsystem_blocks.dylib
0x000000018b8c2000 	/usr/lib/system/libsystem_c.dylib
0x0000000198262000 	/usr/lib/system/libsystem_collections.dylib
0x0000000196a85000 	/usr/lib/system/libsystem_configuration.dylib
0x0000000195b0b000 	/usr/lib/system/libsystem_containermanager.dylib
0x0000000197eae000 	/usr/lib/system/libsystem_coreservices.dylib
0x000000018edcb000 	/usr/lib/system/libsystem_darwin.dylib
0x000000022af0a000 	/usr/lib/system/libsystem_darwindirectory.dylib
0x000000019826e000 	/usr/lib/system/libsystem_dnssd.dylib
0x000000018b8bf000 	/usr/lib/system/libsystem_featureflags.dylib
0x000000018ba5b000 	/usr/lib/system/libsystem_info.dylib
0x00000001981d0000 	/usr/lib/system/libsystem_m.dylib
0x000000018b841000 	/usr/lib/system/libsystem_malloc.dylib
0x0000000191060000 	/usr/lib/system/libsystem_networkextension.dylib
0x000000018f23d000 	/usr/lib/system/libsystem_notify.dylib
0x0000000196a8a000 	/usr/lib/system/libsystem_sandbox.dylib
0x0000000198267000 	/usr/lib/system/libsystem_secinit.dylib
0x000000018b9e7000 	/usr/lib/system/libsystem_kernel.dylib
0x000000018ba54000 	/usr/lib/system/libsystem_platform.dylib
0x000000018ba22000 	/usr/lib/system/libsystem_pthread.dylib
0x0000000192aa7000 	/usr/lib/system/libsystem_symptoms.dylib
0x000000018b788000 	/usr/lib/system/libsystem_trace.dylib
0x0000000198241000 	/usr/lib/system/libunwind.dylib
0x000000018b741000 	/usr/lib/system/libxpc.dylib
0x000000018b9cf000 	/usr/lib/libc++abi.dylib
0x000000019824c000 	/usr/lib/liboah.dylib
0x00000001996cc000 	/usr/lib/liblzma.5.dylib
0x000000019827f000 	/usr/lib/libfakelink.dylib
0x0000000190c8f000 	/System/Library/Frameworks/CFNetwork.framework/Versions/A/CFNetwork
0x00000001982d3000 	/usr/lib/libarchive.2.dylib
0x000000019d6f3000 	/System/Library/Frameworks/Combine.framework/Versions/A/Combine
0x00000002003d7000 	/System/Library/PrivateFrameworks/CollectionsInternal.framework/Versions/A/CollectionsInternal
0x0000000215f1a000 	/System/Library/PrivateFrameworks/ReflectionInternal.framework/Versions/A/ReflectionInternal
0x0000000216506000 	/System/Library/PrivateFrameworks/RuntimeInternal.framework/Versions/A/RuntimeInternal
0x000000022ad29000 	/usr/lib/swift/libswift_StringProcessing.dylib
0x000000018f0db000 	/System/Library/PrivateFrameworks/CoreServicesInternal.framework/Versions/A/CoreServicesInternal
0x00000001977cf000 	/usr/lib/libbsm.0.dylib
0x0000000198213000 	/usr/lib/system/libkxld.dylib
0x000000019424e000 	/System/Library/Frameworks/CoreServices.framework/Versions/A/Frameworks/FSEvents.framework/Versions/A/FSEvents
0x000000018edd6000 	/System/Library/Frameworks/CoreServices.framework/Versions/A/Frameworks/CarbonCore.framework/Versions/A/CarbonCore
0x000000019370d000 	/System/Library/Frameworks/CoreServices.framework/Versions/A/Frameworks/Metadata.framework/Versions/A/Metadata
0x0000000197eb4000 	/System/Library/Frameworks/CoreServices.framework/Versions/A/Frameworks/OSServices.framework/Versions/A/OSServices
0x000000019835c000 	/System/Library/Frameworks/CoreServices.framework/Versions/A/Frameworks/SearchKit.framework/Versions/A/SearchKit
0x0000000192a29000 	/System/Library/Frameworks/CoreServices.framework/Versions/A/Frameworks/AE.framework/Versions/A/AE
0x000000018bf60000 	/System/Library/Frameworks/CoreServices.framework/Versions/A/Frameworks/LaunchServices.framework/Versions/A/LaunchServices
0x0000000199675000 	/System/Library/Frameworks/CoreServices.framework/Versions/A/Frameworks/DictionaryServices.framework/Versions/A/DictionaryServices
0x000000019425b000 	/System/Library/Frameworks/CoreServices.framework/Versions/A/Frameworks/SharedFileList.framework/Versions/A/SharedFileList
0x00000001983fb000 	/usr/lib/libapple_nghttp2.dylib
0x00000001926bf000 	/usr/lib/libsqlite3.dylib
0x0000000192ab0000 	/System/Library/Frameworks/Network.framework/Versions/A/Network
0x000000022967e000 	/usr/lib/libCoreEntitlements.dylib
0x00000002113ad000 	/System/Library/PrivateFrameworks/MessageSecurity.framework/Versions/A/MessageSecurity
0x00000001926a5000 	/System/Library/PrivateFrameworks/ProtocolBuffer.framework/Versions/A/ProtocolBuffer
0x0000000197ddd000 	/System/Library/PrivateFrameworks/AppleFSCompression.framework/Versions/A/AppleFSCompression
0x00000001977b7000 	/usr/lib/libcoretls.dylib
0x00000001996e5000 	/usr/lib/libcoretls_cfhelpers.dylib
0x000000019842a000 	/usr/lib/libpam.2.dylib
0x0000000199756000 	/usr/lib/libxar.1.dylib
0x0000000199b3d000 	/usr/lib/libheimdal-asn1.dylib
0x0000000190c8e000 	/usr/lib/libnetwork.dylib
0x0000000198284000 	/usr/lib/libpcap.A.dylib
0x0000000192a9d000 	/usr/lib/libdns_services.dylib
0x0000000196a92000 	/System/Library/PrivateFrameworks/AppleSystemInfo.framework/Versions/A/AppleSystemInfo
0x00000001974b9000 	/System/Library/PrivateFrameworks/IOMobileFramebuffer.framework/Versions/A/IOMobileFramebuffer
0x000000022ac7d000 	/usr/lib/swift/libswift_RegexParser.dylib
0x0000000197ea1000 	/usr/lib/libbz2.1.0.dylib
0x00000001977ab000 	/usr/lib/libCheckFix.dylib
0x0000000191108000 	/System/Library/PrivateFrameworks/TCC.framework/Versions/A/TCC
0x0000000196a98000 	/System/Library/PrivateFrameworks/CoreNLP.framework/Versions/A/CoreNLP
0x00000001936c6000 	/System/Library/PrivateFrameworks/MetadataUtilities.framework/Versions/A/MetadataUtilities
0x00000001977e1000 	/usr/lib/libmecab.dylib
0x000000018c8cf000 	/usr/lib/libCRFSuite.dylib
0x000000019783d000 	/usr/lib/libgermantok.dylib
0x00000001983d3000 	/usr/lib/libThaiTokenizer.dylib
0x00000001937b1000 	/System/Library/Frameworks/Accelerate.framework/Versions/A/Frameworks/vImage.framework/Versions/A/vImage
0x000000019f7cd000 	/System/Library/Frameworks/Accelerate.framework/Versions/A/Frameworks/vecLib.framework/Versions/A/vecLib
0x000000019979d000 	/System/Library/Frameworks/Accelerate.framework/Versions/A/Frameworks/vecLib.framework/Versions/A/libvMisc.dylib
0x0000000197395000 	/System/Library/Frameworks/Accelerate.framework/Versions/A/Frameworks/vecLib.framework/Versions/A/libvDSP.dylib
0x000000018c35e000 	/System/Library/Frameworks/Accelerate.framework/Versions/A/Frameworks/vecLib.framework/Versions/A/libBLAS.dylib
0x0000000198503000 	/System/Library/Frameworks/Accelerate.framework/Versions/A/Frameworks/vecLib.framework/Versions/A/libLAPACK.dylib
0x0000000197840000 	/System/Library/Frameworks/Accelerate.framework/Versions/A/Frameworks/vecLib.framework/Versions/A/libLinearAlgebra.dylib
0x0000000198415000 	/System/Library/Frameworks/Accelerate.framework/Versions/A/Frameworks/vecLib.framework/Versions/A/libSparseBLAS.dylib
0x00000001984fe000 	/System/Library/Frameworks/Accelerate.framework/Versions/A/Frameworks/vecLib.framework/Versions/A/libQuadrature.dylib
0x0000000196bba000 	/System/Library/Frameworks/Accelerate.framework/Versions/A/Frameworks/vecLib.framework/Versions/A/libBNNS.dylib
0x000000018c7d5000 	/System/Library/Frameworks/Accelerate.framework/Versions/A/Frameworks/vecLib.framework/Versions/A/libSparse.dylib
0x000000020fbe0000 	/System/Library/PrivateFrameworks/MIL.framework/Versions/A/MIL
0x00000001982ba000 	/usr/lib/libiconv.2.dylib
0x0000000198207000 	/usr/lib/libcharset.1.dylib
0x000000019422e000 	/System/Library/Frameworks/OpenDirectory.framework/Versions/A/Frameworks/CFOpenDirectory.framework/Versions/A/CFOpenDirectory
0x000000019421e000 	/System/Library/Frameworks/OpenDirectory.framework/Versions/A/OpenDirectory
0x00000001996e7000 	/System/Library/PrivateFrameworks/APFS.framework/Versions/A/APFS
0x00000001976e9000 	/System/Library/Frameworks/SecurityFoundation.framework/Versions/A/SecurityFoundation
0x0000000199765000 	/usr/lib/libutil.dylib
0x000000020dea3000 	/System/Library/PrivateFrameworks/InstalledContentLibrary.framework/Versions/A/InstalledContentLibrary
0x000000018f11b000 	/System/Library/PrivateFrameworks/CoreServicesStore.framework/Versions/A/CoreServicesStore
0x00000001fdfe3000 	/System/Library/PrivateFrameworks/AppleMobileFileIntegrity.framework/Versions/A/AppleMobileFileIntegrity
0x00000001b0565000 	/usr/lib/libmis.dylib
0x00000001c0055000 	/System/Library/PrivateFrameworks/MobileSystemServices.framework/Versions/A/MobileSystemServices
0x00000001f0d3d000 	/System/Library/PrivateFrameworks/ConfigProfileHelper.framework/Versions/A/ConfigProfileHelper
0x00000001983d5000 	/System/Library/PrivateFrameworks/AppleSauce.framework/Versions/A/AppleSauce
0x000000018d800000 	/System/Library/PrivateFrameworks/LanguageModeling.framework/Versions/A/LanguageModeling
0x0000000199769000 	/usr/lib/libxslt.1.dylib
0x00000001982c1000 	/usr/lib/libcmph.dylib
0x0000000197486000 	/System/Library/PrivateFrameworks/CoreEmoji.framework/Versions/A/CoreEmoji
0x0000000196bb4000 	/System/Library/PrivateFrameworks/LinguisticData.framework/Versions/A/LinguisticData
0x000000018c6e8000 	/System/Library/PrivateFrameworks/Lexicon.framework/Versions/A/Lexicon
0x0000000197777000 	/System/Library/PrivateFrameworks/BackgroundTaskManagement.framework/Versions/A/BackgroundTaskManagement
0x0000000229867000 	/usr/lib/libTLE.dylib
0x000000019a024000 	/System/Library/PrivateFrameworks/AppleJPEG.framework/Versions/A/AppleJPEG
0x0000000199b22000 	/usr/lib/libexpat.1.dylib
0x000000019a61e000 	/System/Library/Frameworks/ImageIO.framework/Versions/A/Resources/libPng.dylib
0x000000019a649000 	/System/Library/Frameworks/ImageIO.framework/Versions/A/Resources/libTIFF.dylib
0x000000019a734000 	/System/Library/Frameworks/ImageIO.framework/Versions/A/Resources/libGIF.dylib
0x000000019a06a000 	/System/Library/Frameworks/ImageIO.framework/Versions/A/Resources/libJP2.dylib
0x000000019a6d9000 	/System/Library/Frameworks/ImageIO.framework/Versions/A/Resources/libJPEG.dylib
0x000000019a6d0000 	/System/Library/Frameworks/ImageIO.framework/Versions/A/Resources/libRadiance.dylib
0x0000000195eeb000 	/System/Library/PrivateFrameworks/FontServices.framework/libFontParser.dylib
0x00000001929c7000 	/System/Library/PrivateFrameworks/RunningBoardServices.framework/Versions/A/RunningBoardServices
0x00000001a5ed2000 	/System/Library/PrivateFrameworks/IOSurfaceAccelerator.framework/Versions/A/IOSurfaceAccelerator
0x000000019a15a000 	/System/Library/PrivateFrameworks/WatchdogClient.framework/Versions/A/WatchdogClient
0x000000018d9e3000 	/System/Library/Frameworks/CoreDisplay.framework/Versions/A/CoreDisplay
0x0000000195da5000 	/System/Library/Frameworks/CoreMedia.framework/Versions/A/CoreMedia
0x0000000195b4d000 	/System/Library/PrivateFrameworks/IOAccelerator.framework/Versions/A/IOAccelerator
0x00000001943c0000 	/System/Library/Frameworks/CoreVideo.framework/Versions/A/CoreVideo
0x0000000198428000 	/System/Library/Frameworks/MetalPerformanceShaders.framework/Versions/A/MetalPerformanceShaders
0x000000019a19d000 	/System/Library/Frameworks/VideoToolbox.framework/Versions/A/VideoToolbox
0x000000019445b000 	/System/Library/PrivateFrameworks/UserManagement.framework/Versions/A/UserManagement
0x00000001928f6000 	/System/Library/PrivateFrameworks/BaseBoard.framework/Versions/A/BaseBoard
0x0000000196a90000 	/System/Library/PrivateFrameworks/AggregateDictionary.framework/Versions/A/AggregateDictionary
0x00000001fdf63000 	/System/Library/PrivateFrameworks/AppleKeyStore.framework/Versions/A/AppleKeyStore
0x000000019a6cb000 	/System/Library/PrivateFrameworks/GPUWrangler.framework/Versions/A/GPUWrangler
0x000000019a6ab000 	/System/Library/PrivateFrameworks/IOPresentment.framework/Versions/A/IOPresentment
0x000000019a6d3000 	/System/Library/PrivateFrameworks/DSExternalDisplay.framework/Versions/A/DSExternalDisplay
0x000000020a054000 	/System/Library/PrivateFrameworks/GPUCompiler.framework/Versions/32023/Libraries/libllvm-flatbuffers.dylib
0x00000001f392d000 	/System/Library/Frameworks/OpenGL.framework/Versions/A/Libraries/libCoreFSCache.dylib
0x0000000206d10000 	/System/Library/PrivateFrameworks/GPUCompiler.framework/Versions/32023/Libraries/libGPUCompilerUtils.dylib
0x000000019a73a000 	/System/Library/PrivateFrameworks/CMCaptureCore.framework/Versions/A/CMCaptureCore
0x00000001f673d000 	/System/Library/Frameworks/ExtensionFoundation.framework/Versions/A/ExtensionFoundation
0x00000001a1696000 	/System/Library/PrivateFrameworks/CoreTime.framework/Versions/A/CoreTime
0x0000000199cf3000 	/System/Library/PrivateFrameworks/AppServerSupport.framework/Versions/A/AppServerSupport
0x000000019c245000 	/System/Library/PrivateFrameworks/perfdata.framework/Versions/A/perfdata
0x000000018db07000 	/System/Library/PrivateFrameworks/AudioToolboxCore.framework/Versions/A/AudioToolboxCore
0x0000000195d7b000 	/System/Library/PrivateFrameworks/caulk.framework/Versions/A/caulk
0x000000019bac0000 	/usr/lib/libAudioStatistics.dylib
0x00000001af903000 	/System/Library/PrivateFrameworks/SystemPolicy.framework/Versions/A/SystemPolicy
0x000000019bd98000 	/usr/lib/libSMC.dylib
0x00000001a54e5000 	/System/Library/Frameworks/CoreMIDI.framework/Versions/A/CoreMIDI
0x000000019a5e5000 	/usr/lib/libAudioToolboxUtility.dylib
0x00000001ab2b5000 	/System/Library/PrivateFrameworks/OSAServicesClient.framework/Versions/A/OSAServicesClient
0x000000019c253000 	/usr/lib/libperfcheck.dylib
0x0000000199a0c000 	/System/Library/PrivateFrameworks/PlugInKit.framework/Versions/A/PlugInKit
0x00000001976db000 	/System/Library/PrivateFrameworks/AssertionServices.framework/Versions/A/AssertionServices
0x00000001a45ff000 	/System/Library/PrivateFrameworks/ASEProcessing.framework/Versions/A/ASEProcessing
0x00000001cbbc5000 	/System/Library/PrivateFrameworks/Symbolication.framework/Versions/A/Symbolication
0x0000000214f9b000 	/System/Library/PrivateFrameworks/PhotosensitivityProcessing.framework/Versions/A/PhotosensitivityProcessing
0x0000000199ca5000 	/System/Library/PrivateFrameworks/GraphVisualizer.framework/Versions/A/GraphVisualizer
0x00000001f398f000 	/System/Library/Frameworks/OpenGL.framework/Versions/A/Libraries/libGLU.dylib
0x00000001f394e000 	/System/Library/Frameworks/OpenGL.framework/Versions/A/Libraries/libGFXShared.dylib
0x00000001f3b27000 	/System/Library/Frameworks/OpenGL.framework/Versions/A/Libraries/libGL.dylib
0x00000001f3957000 	/System/Library/Frameworks/OpenGL.framework/Versions/A/Libraries/libGLImage.dylib
0x00000001f394b000 	/System/Library/Frameworks/OpenGL.framework/Versions/A/Libraries/libCVMSPluginSupport.dylib
0x0000000229820000 	/usr/lib/libRosetta.dylib
0x00000001f3934000 	/System/Library/Frameworks/OpenGL.framework/Versions/A/Libraries/libCoreVMClient.dylib
0x0000000204f32000 	/System/Library/PrivateFrameworks/FontServices.framework/Versions/A/FontServices
0x0000000199cb1000 	/System/Library/PrivateFrameworks/OTSVG.framework/Versions/A/OTSVG
0x0000000193f62000 	/System/Library/Frameworks/ApplicationServices.framework/Versions/A/Frameworks/ATS.framework/Versions/A/Resources/libFontRegistry.dylib
0x0000000199cfd000 	/System/Library/PrivateFrameworks/FontServices.framework/libhvf.dylib
0x0000000204f33000 	/System/Library/PrivateFrameworks/FontServices.framework/libXTFontStaticRegistryData.dylib
0x0000000196a07000 	/System/Library/Frameworks/MetalPerformanceShaders.framework/Versions/A/Frameworks/MPSCore.framework/Versions/A/MPSCore
0x0000000197d50000 	/System/Library/Frameworks/MetalPerformanceShaders.framework/Versions/A/Frameworks/MPSImage.framework/Versions/A/MPSImage
0x0000000197855000 	/System/Library/Frameworks/MetalPerformanceShaders.framework/Versions/A/Frameworks/MPSNeuralNetwork.framework/Versions/A/MPSNeuralNetwork
0x0000000197c43000 	/System/Library/Frameworks/MetalPerformanceShaders.framework/Versions/A/Frameworks/MPSMatrix.framework/Versions/A/MPSMatrix
0x0000000197a4f000 	/System/Library/Frameworks/MetalPerformanceShaders.framework/Versions/A/Frameworks/MPSRayIntersector.framework/Versions/A/MPSRayIntersector
0x0000000197c72000 	/System/Library/Frameworks/MetalPerformanceShaders.framework/Versions/A/Frameworks/MPSNDArray.framework/Versions/A/MPSNDArray
0x00000001f864f000 	/System/Library/Frameworks/MetalPerformanceShaders.framework/Versions/A/Frameworks/MPSFunctions.framework/Versions/A/MPSFunctions
0x00000001f8631000 	/System/Library/Frameworks/MetalPerformanceShaders.framework/Versions/A/Frameworks/MPSBenchmarkLoop.framework/Versions/A/MPSBenchmarkLoop
0x000000018c213000 	/System/Library/PrivateFrameworks/MetalTools.framework/Versions/A/MetalTools
0x00000001b48ef000 	/System/Library/PrivateFrameworks/IOAccelMemoryInfo.framework/Versions/A/IOAccelMemoryInfo
0x00000001bff62000 	/System/Library/PrivateFrameworks/kperf.framework/Versions/A/kperf
0x00000001b0579000 	/System/Library/PrivateFrameworks/GPURawCounter.framework/Versions/A/GPURawCounter
0x00000001a1586000 	/System/Library/PrivateFrameworks/CoreSymbolication.framework/Versions/A/CoreSymbolication
0x00000001b0536000 	/System/Library/PrivateFrameworks/MallocStackLogging.framework/Versions/A/MallocStackLogging
0x00000001998b3000 	/System/Library/PrivateFrameworks/CrashReporterSupport.framework/Versions/A/CrashReporterSupport
0x00000001a1541000 	/System/Library/PrivateFrameworks/DebugSymbols.framework/Versions/A/DebugSymbols
0x00000001bf2b5000 	/System/Library/PrivateFrameworks/OSAnalytics.framework/Versions/A/OSAnalytics
0x0000000220d91000 	/System/Library/PrivateFrameworks/VideoToolboxParavirtualizationSupport.framework/Versions/A/VideoToolboxParavirtualizationSupport
0x0000000199ad6000 	/System/Library/PrivateFrameworks/AppleVA.framework/Versions/A/AppleVA
0x000000019bb08000 	/System/Library/Frameworks/ApplicationServices.framework/Versions/A/Frameworks/ATS.framework/Versions/A/ATS
0x0000000191e47000 	/System/Library/Frameworks/ApplicationServices.framework/Versions/A/Frameworks/HIServices.framework/Versions/A/HIServices
0x000000019a747000 	/System/Library/Frameworks/ApplicationServices.framework/Versions/A/Frameworks/PrintCore.framework/Versions/A/PrintCore
0x000000019bef1000 	/System/Library/Frameworks/ApplicationServices.framework/Versions/A/Frameworks/QD.framework/Versions/A/QD
0x000000019bee5000 	/System/Library/Frameworks/ApplicationServices.framework/Versions/A/Frameworks/ColorSyncLegacy.framework/Versions/A/ColorSyncLegacy
0x000000019bad8000 	/System/Library/Frameworks/ApplicationServices.framework/Versions/A/Frameworks/SpeechSynthesis.framework/Versions/A/SpeechSynthesis
0x000000019a704000 	/System/Library/Frameworks/ApplicationServices.framework/Versions/A/Frameworks/ATSUI.framework/Versions/A/ATSUI
0x000000019be78000 	/usr/lib/libcups.2.dylib
0x000000019c261000 	/System/Library/Frameworks/Kerberos.framework/Versions/A/Kerberos
0x000000019c272000 	/System/Library/Frameworks/GSS.framework/Versions/A/GSS
0x000000019bb87000 	/usr/lib/libresolv.9.dylib
0x0000000199d0e000 	/System/Library/PrivateFrameworks/Heimdal.framework/Versions/A/Heimdal
0x00000001a35a3000 	/System/Library/Frameworks/Kerberos.framework/Versions/A/Libraries/libHeimdalProxy.dylib
0x000000019c2cc000 	/System/Library/PrivateFrameworks/CommonAuth.framework/Versions/A/CommonAuth
0x00000001f5542000 	/System/Library/Frameworks/AVFAudio.framework/Versions/A/AVFAudio
0x00000001ab304000 	/System/Library/PrivateFrameworks/AXCoreUtilities.framework/Versions/A/AXCoreUtilities
0x000000019ba44000 	/System/Library/PrivateFrameworks/AudioSession.framework/Versions/A/AudioSession
0x000000019d496000 	/System/Library/Frameworks/IOBluetooth.framework/Versions/A/IOBluetooth
0x0000000199be1000 	/System/Library/PrivateFrameworks/MediaExperience.framework/Versions/A/MediaExperience
0x000000019b888000 	/System/Library/PrivateFrameworks/AudioSession.framework/libSessionUtility.dylib
0x000000019befd000 	/System/Library/PrivateFrameworks/AudioResourceArbitration.framework/Versions/A/AudioResourceArbitration
0x00000001a051f000 	/System/Library/PrivateFrameworks/PowerLog.framework/Versions/A/PowerLog
0x00000001a0442000 	/System/Library/Frameworks/CoreBluetooth.framework/Versions/A/CoreBluetooth
0x00000001a35a4000 	/System/Library/Frameworks/AudioUnit.framework/Versions/A/AudioUnit
0x0000000197546000 	/System/Library/PrivateFrameworks/CoreUtils.framework/Versions/A/CoreUtils
0x0000000203503000 	/System/Library/PrivateFrameworks/CoreUtilsExtras.framework/Versions/A/CoreUtilsExtras
0x000000020dd36000 	/System/Library/PrivateFrameworks/IO80211.framework/Versions/A/IO80211
0x00000001ab31f000 	/usr/lib/libAccessibility.dylib
0x000000019fb46000 	/System/Library/Frameworks/MediaAccessibility.framework/Versions/A/MediaAccessibility
0x00000001a10be000 	/System/Library/PrivateFrameworks/FrontBoardServices.framework/Versions/A/FrontBoardServices
0x00000001a2b8d000 	/System/Library/PrivateFrameworks/BackBoardServices.framework/Versions/A/BackBoardServices
0x00000001a1178000 	/System/Library/PrivateFrameworks/BoardServices.framework/Versions/A/BoardServices
0x0000000199b48000 	/System/Library/PrivateFrameworks/IconFoundation.framework/Versions/A/IconFoundation
0x000000019f3de000 	/System/Library/PrivateFrameworks/SpeechRecognitionCore.framework/Versions/A/SpeechRecognitionCore
0x00000001cef7d000 	/System/Library/Frameworks/OSLog.framework/Versions/A/OSLog
0x00000001b04c6000 	/System/Library/PrivateFrameworks/LoggingSupport.framework/Versions/A/LoggingSupport
0x0000000106330000 	/Library/Java/JavaVirtualMachines/jdk-20.jdk/Contents/Home/lib/server/libjvm.dylib
0x0000000104ee0000 	/Library/Java/JavaVirtualMachines/jdk-20.jdk/Contents/Home/lib/libjimage.dylib
0x0000000104f28000 	/Library/Java/JavaVirtualMachines/jdk-20.jdk/Contents/Home/lib/libjava.dylib
0x000000010519c000 	/Library/Java/JavaVirtualMachines/jdk-20.jdk/Contents/Home/lib/libnio.dylib
0x00000001051bc000 	/Library/Java/JavaVirtualMachines/jdk-20.jdk/Contents/Home/lib/libnet.dylib
0x00000001051fc000 	/Library/Java/JavaVirtualMachines/jdk-20.jdk/Contents/Home/lib/libzip.dylib
0x00000001051d4000 	/Users/linhdo/Documents/FA23/COMSC-225/javafx-sdk-20.0.2/lib/libprism_es2.dylib
0x00000001f3b31000 	/System/Library/Frameworks/OpenGL.framework/Versions/A/Resources/GLEngine.bundle/GLEngine
0x00000001f39c9000 	/System/Library/Frameworks/OpenGL.framework/Versions/A/Libraries/libGLProgrammability.dylib
0x0000000105fbc000 	/System/Library/Extensions/AppleMetalOpenGLRenderer.bundle/Contents/MacOS/AppleMetalOpenGLRenderer
0x00000001f3c91000 	/System/Library/Frameworks/OpenGL.framework/Versions/A/Resources/GLRendererFloat.bundle/GLRendererFloat
0x00000001f1c60000 	/System/Library/Extensions/AGXMetalG13X.bundle/Contents/MacOS/AGXMetalG13X
0x00000001aa264000 	/System/Library/PrivateFrameworks/IOGPU.framework/Versions/A/IOGPU
0x0000000105f1c000 	/Users/linhdo/Documents/FA23/COMSC-225/javafx-sdk-20.0.2/lib/libglass.dylib
0x00000001a0764000 	/System/Library/Frameworks/FileProvider.framework/Versions/A/FileProvider
0x000000019285c000 	/System/Library/Frameworks/Accounts.framework/Versions/A/Accounts
0x00000001a0909000 	/System/Library/PrivateFrameworks/GenerationalStorage.framework/Versions/A/GenerationalStorage
0x00000001a0513000 	/System/Library/PrivateFrameworks/SymptomDiagnosticReporter.framework/Versions/A/SymptomDiagnosticReporter
0x0000000190784000 	/System/Library/PrivateFrameworks/DesktopServicesPriv.framework/Versions/A/DesktopServicesPriv
0x000000018f24e000 	/usr/lib/libsandbox.1.dylib
0x000000019bed8000 	/System/Library/PrivateFrameworks/NetAuth.framework/Versions/A/NetAuth
0x000000019d112000 	/System/Library/PrivateFrameworks/Sharing.framework/Versions/A/Sharing
0x000000019441e000 	/System/Library/PrivateFrameworks/login.framework/Versions/A/Frameworks/loginsupport.framework/Versions/A/loginsupport
0x00000001a29c6000 	/System/Library/PrivateFrameworks/Apple80211.framework/Versions/A/Apple80211
0x0000000197ee6000 	/System/Library/PrivateFrameworks/AuthKit.framework/Versions/A/AuthKit
0x00000001974c9000 	/System/Library/Frameworks/CoreWLAN.framework/Versions/A/CoreWLAN
0x00000001b057d000 	/usr/lib/swift/libswiftCoreAudio.dylib
0x00000001b562e000 	/usr/lib/swift/libswiftCoreLocation.dylib
0x00000001998aa000 	/usr/lib/libIOReport.dylib
0x00000001a29ca000 	/System/Library/PrivateFrameworks/CoreWiFi.framework/Versions/A/CoreWiFi
0x00000001d5d03000 	/System/Library/PrivateFrameworks/WiFiPeerToPeer.framework/Versions/A/WiFiPeerToPeer
0x000000019807b000 	/System/Library/Frameworks/UserNotifications.framework/Versions/A/UserNotifications
0x000000019c403000 	/System/Library/PrivateFrameworks/CorePhoneNumbers.framework/Versions/A/CorePhoneNumbers
0x000000019bbb4000 	/System/Library/PrivateFrameworks/MultiverseSupport.framework/Versions/A/MultiverseSupport
0x00000001a2e1b000 	/System/Library/PrivateFrameworks/RemoteServiceDiscovery.framework/Versions/A/RemoteServiceDiscovery
0x00000001a0640000 	/System/Library/PrivateFrameworks/DiskManagement.framework/Versions/A/DiskManagement
0x00000001a0547000 	/System/Library/PrivateFrameworks/AppleIDAuthSupport.framework/Versions/A/AppleIDAuthSupport
0x00000001fc09f000 	/System/Library/PrivateFrameworks/AAAFoundation.framework/Versions/A/AAAFoundation
0x000000019c3db000 	/System/Library/PrivateFrameworks/KeychainCircle.framework/Versions/A/KeychainCircle
0x00000001a2e2f000 	/System/Library/PrivateFrameworks/RemoteXPC.framework/Versions/A/RemoteXPC
0x00000001a2ed1000 	/usr/lib/libcsfde.dylib
0x0000000199a52000 	/usr/lib/libCoreStorage.dylib
0x00000001a060c000 	/System/Library/PrivateFrameworks/MediaKit.framework/Versions/A/MediaKit
0x00000001a0554000 	/System/Library/Frameworks/DiscRecording.framework/Versions/A/DiscRecording
0x000000019d575000 	/System/Library/PrivateFrameworks/ProtectedCloudStorage.framework/Versions/A/ProtectedCloudStorage
0x00000001a2ec9000 	/System/Library/PrivateFrameworks/EFILogin.framework/Versions/A/EFILogin
0x00000001a0931000 	/System/Library/PrivateFrameworks/OctagonTrust.framework/Versions/A/OctagonTrust
0x00000001959fe000 	/System/Library/Frameworks/CoreLocation.framework/Versions/A/CoreLocation
0x000000019d830000 	/System/Library/PrivateFrameworks/GeoServices.framework/Versions/A/GeoServices
0x000000019b852000 	/System/Library/PrivateFrameworks/LocationSupport.framework/Versions/A/LocationSupport
0x000000020acbd000 	/System/Library/PrivateFrameworks/GeoServicesCore.framework/Versions/A/GeoServicesCore
0x00000001ab2f9000 	/System/Library/PrivateFrameworks/PhoneNumbers.framework/Versions/A/PhoneNumbers
0x0000000199a4a000 	/usr/lib/libMatch.1.dylib
0x00000001b5614000 	/System/Library/Frameworks/Accelerate.framework/Versions/A/Frameworks/vImage.framework/Versions/A/Libraries/libCGInterfaces.dylib
0x0000000106300000 	/usr/lib/libobjc-trampolines.dylib
0x0000000229547000 	/usr/lib/libAccessibilityBaseImplementations.dylib
0x0000000194102000 	/System/Library/PrivateFrameworks/ViewBridge.framework/Versions/A/ViewBridge
0x0000000199dde000 	/System/Library/PrivateFrameworks/login.framework/Versions/A/login
0x00000001a128e000 	/System/Library/Frameworks/LocalAuthentication.framework/Versions/A/LocalAuthentication
0x00000001a12d5000 	/System/Library/Frameworks/LocalAuthentication.framework/Support/SharedUtils.framework/Versions/A/SharedUtils
0x00000001a122b000 	/System/Library/Frameworks/CryptoTokenKit.framework/Versions/A/CryptoTokenKit
0x000000012fd44000 	/Users/linhdo/Documents/FA23/COMSC-225/javafx-sdk-20.0.2/lib/libglib-lite.dylib
0x000000013a100000 	/Users/linhdo/Documents/FA23/COMSC-225/javafx-sdk-20.0.2/lib/libgstreamer-lite.dylib
0x000000012dc3c000 	/Users/linhdo/Documents/FA23/COMSC-225/javafx-sdk-20.0.2/lib/libjfxmedia.dylib
0x000000012dc78000 	/Users/linhdo/Documents/FA23/COMSC-225/javafx-sdk-20.0.2/lib/libjfxmedia_avf.dylib
0x00000001af70b000 	/System/Library/Frameworks/AVFoundation.framework/Versions/A/AVFoundation
0x00000001a0e76000 	/System/Library/PrivateFrameworks/AVFCore.framework/Versions/A/AVFCore
0x00000001a8e66000 	/System/Library/PrivateFrameworks/AVFCapture.framework/Versions/A/AVFCapture
0x000000019a958000 	/System/Library/Frameworks/MediaToolbox.framework/Versions/A/MediaToolbox
0x00000001a0730000 	/System/Library/PrivateFrameworks/CoreAVCHD.framework/Versions/A/CoreAVCHD
0x00000001a072c000 	/System/Library/PrivateFrameworks/Mangrove.framework/Versions/A/Mangrove
0x00000001ff340000 	/System/Library/PrivateFrameworks/CMPhoto.framework/Versions/A/CMPhoto
0x00000001a0d32000 	/System/Library/Frameworks/CoreTelephony.framework/Versions/A/CoreTelephony
0x00000001a0720000 	/System/Library/PrivateFrameworks/CoreAUC.framework/Versions/A/CoreAUC
0x00000001fdda3000 	/System/Library/PrivateFrameworks/AppleJPEGXL.framework/Versions/A/AppleJPEGXL
0x000000019c40d000 	/usr/lib/libTelephonyUtilDynamic.dylib
0x00000001b5c5e000 	/System/Library/PrivateFrameworks/MSUDataAccessor.framework/Versions/A/MSUDataAccessor
0x00000001c3d9a000 	/usr/lib/libpartition2_dynamic.dylib
0x00000001b1f52000 	/usr/lib/libbootpolicy.dylib
0x00000001ff2d5000 	/System/Library/PrivateFrameworks/CMImaging.framework/Versions/A/CMImaging
0x00000001a903e000 	/System/Library/PrivateFrameworks/Quagga.framework/Versions/A/Quagga
0x00000001a9146000 	/System/Library/PrivateFrameworks/CMCapture.framework/Versions/A/CMCapture
0x000000019bc99000 	/System/Library/Frameworks/CoreMediaIO.framework/Versions/A/CoreMediaIO
0x00000001a3704000 	/System/Library/PrivateFrameworks/Espresso.framework/Versions/A/Espresso
0x00000001a2f5b000 	/System/Library/PrivateFrameworks/AppSupport.framework/Versions/A/AppSupport
0x00000001f13e7000 	/System/Library/PrivateFrameworks/ANECompiler.framework/Versions/A/ANECompiler
0x00000001a5399000 	/System/Library/PrivateFrameworks/AppleNeuralEngine.framework/Versions/A/AppleNeuralEngine
0x00000001f8663000 	/System/Library/Frameworks/MetalPerformanceShadersGraph.framework/Versions/A/MetalPerformanceShadersGraph
0x000000021025d000 	/System/Library/PrivateFrameworks/MLCompilerServices.framework/Versions/A/MLCompilerServices
0x00000001a4466000 	/System/Library/PrivateFrameworks/ANEServices.framework/Versions/A/ANEServices
0x00000001b48bb000 	/usr/lib/libncurses.5.4.dylib
0x00000002101f9000 	/System/Library/PrivateFrameworks/MLCompilerRuntime.framework/Versions/A/MLCompilerRuntime
0x000000012cddc000 	/Users/linhdo/Documents/FA23/COMSC-225/javafx-sdk-20.0.2/lib/libfxplugins.dylib
0x000000012df78000 	/Users/linhdo/Documents/FA23/COMSC-225/javafx-sdk-20.0.2/lib/libjavafx_font.dylib
0x000000013a6f0000 	/System/Library/Components/CoreAudio.component/Contents/MacOS/CoreAudio
0x000000013f000000 	/System/Library/Components/AudioCodecs.component/Contents/MacOS/AudioCodecs
0x000000013be04000 	/System/Library/Components/AudioDSP.component/Contents/MacOS/AudioDSP
0x00000002295da000 	/usr/lib/libAudioDSPCore.dylib
0x000000021d5f1000 	/System/Library/PrivateFrameworks/TextInputUI.framework/Versions/A/TextInputUI
0x000000021d5f9000 	/System/Library/PrivateFrameworks/TextInputUIMacHelper.framework/Versions/A/TextInputUIMacHelper
0x00000001af2a2000 	/System/Library/Frameworks/Carbon.framework/Versions/A/Carbon
0x00000001a7692000 	/System/Library/Frameworks/Carbon.framework/Versions/A/Frameworks/CommonPanels.framework/Versions/A/CommonPanels
0x00000001a2ec5000 	/System/Library/Frameworks/Carbon.framework/Versions/A/Frameworks/Help.framework/Versions/A/Help
0x00000001a7696000 	/System/Library/Frameworks/Carbon.framework/Versions/A/Frameworks/ImageCapture.framework/Versions/A/ImageCapture
0x00000001a766a000 	/System/Library/Frameworks/Carbon.framework/Versions/A/Frameworks/OpenScripting.framework/Versions/A/OpenScripting
0x00000001a768e000 	/System/Library/Frameworks/Carbon.framework/Versions/A/Frameworks/Ink.framework/Versions/A/Ink
0x00000001a768a000 	/System/Library/Frameworks/Carbon.framework/Versions/A/Frameworks/SecurityHI.framework/Versions/A/SecurityHI


VM Arguments:
jvm_args: --module-path=/Users/linhdo/Documents/FA23/COMSC-225/javafx-sdk-20.0.2/lib --add-modules=javafx.base,javafx.controls,javafx.media -Dfile.encoding=UTF-8 -Dstdout.encoding=UTF-8 -Dstderr.encoding=UTF-8 -XX:+ShowCodeDetailsInExceptionMessages 
java_command: angryflappybird.AngryFlappyBird
java_class_path (initial): /Users/linhdo/Documents/FA23/COMSC-225/angryflappybird-teamcat/bin:/Users/linhdo/Documents/FA23/COMSC-225/javafx-sdk-20.0.2/lib/javafx-swt.jar:/Users/linhdo/Documents/FA23/COMSC-225/javafx-sdk-20.0.2/lib/javafx.base.jar:/Users/linhdo/Documents/FA23/COMSC-225/javafx-sdk-20.0.2/lib/javafx.controls.jar:/Users/linhdo/Documents/FA23/COMSC-225/javafx-sdk-20.0.2/lib/javafx.fxml.jar:/Users/linhdo/Documents/FA23/COMSC-225/javafx-sdk-20.0.2/lib/javafx.graphics.jar:/Users/linhdo/Documents/FA23/COMSC-225/javafx-sdk-20.0.2/lib/javafx.media.jar:/Users/linhdo/Documents/FA23/COMSC-225/javafx-sdk-20.0.2/lib/javafx.swing.jar:/Users/linhdo/Documents/FA23/COMSC-225/javafx-sdk-20.0.2/lib/javafx.web.jar:/Users/linhdo/.p2/pool/plugins/junit-jupiter-api_5.10.0.jar:/Users/linhdo/.p2/pool/plugins/junit-jupiter-engine_5.10.0.jar:/Users/linhdo/.p2/pool/plugins/junit-jupiter-migrationsupport_5.10.0.jar:/Users/linhdo/.p2/pool/plugins/junit-jupiter-params_5.10.0.jar:/Users/linhdo/.p2/pool/plugins/junit-platform-commons_1.10.0.jar:/Users/linhdo/.p2/pool/plugins/junit-platform-engine_1.10.0.jar:/Users/linhdo/.p2/pool/plugins/junit-platform-launcher_1.10.0.jar:/Users/linhdo/.p2/pool/plugins/junit-platform-runner_1.10.0.jar:/Users/linhdo/.p2/pool/plugins/junit-platform-suite-api_1.10.0.jar:/Users/linhdo/.p2/pool/plugins/junit-platform-suite-engine_1.10.0.jar:/Users/linhdo/.p2/pool/plugins/junit-platform-suite-commons_1.10.0.jar:/Users/linhdo/.p2/pool/plugins/junit-vintage-engine_5.10.0.jar:/Users/linhdo/.p2/pool/plugins/org.opentest4j_1.3.0.jar:/Users/linhdo/.p2/pool/plugins/org.apiguardian.api_1.1.2.jar:/Users/linhdo/.p2/pool/plugins/org.junit_4.13.2.v20230809-1000.jar:/Users/linhdo/.p2/pool/plugins/org.hamcrest_2.2.0.v20210711-0821.jar:/Users/linhdo/.p2/pool/plugins/org.hamcrest.core_2.2.0.v20230809-1000.jar
Launcher Type: SUN_STANDARD

[Global flags]
     intx CICompilerCount                          = 4                                         {product} {ergonomic}
     uint ConcGCThreads                            = 2                                         {product} {ergonomic}
     uint G1ConcRefinementThreads                  = 8                                         {product} {ergonomic}
   size_t G1HeapRegionSize                         = 2097152                                   {product} {ergonomic}
    uintx GCDrainStackTargetSize                   = 64                                        {product} {ergonomic}
   size_t InitialHeapSize                          = 268435456                                 {product} {ergonomic}
   size_t MarkStackSize                            = 4194304                                   {product} {ergonomic}
   size_t MaxHeapSize                              = 4294967296                                {product} {ergonomic}
   size_t MaxNewSize                               = 2575302656                                {product} {ergonomic}
   size_t MinHeapDeltaBytes                        = 2097152                                   {product} {ergonomic}
   size_t MinHeapSize                              = 8388608                                   {product} {ergonomic}
    uintx NonNMethodCodeHeapSize                   = 5839564                                {pd product} {ergonomic}
    uintx NonProfiledCodeHeapSize                  = 122909338                              {pd product} {ergonomic}
    uintx ProfiledCodeHeapSize                     = 122909338                              {pd product} {ergonomic}
    uintx ReservedCodeCacheSize                    = 251658240                              {pd product} {ergonomic}
     bool SegmentedCodeCache                       = true                                      {product} {ergonomic}
     bool ShowCodeDetailsInExceptionMessages       = true                                   {manageable} {command line}
   size_t SoftMaxHeapSize                          = 4294967296                             {manageable} {ergonomic}
     bool UseCompressedClassPointers               = true                           {product lp64_product} {ergonomic}
     bool UseCompressedOops                        = true                           {product lp64_product} {ergonomic}
     bool UseG1GC                                  = true                                      {product} {ergonomic}
     bool UseNUMA                                  = false                                     {product} {ergonomic}
     bool UseNUMAInterleaving                      = false                                     {product} {ergonomic}

Logging:
Log output configuration:
 #0: stdout all=warning uptime,level,tags foldmultilines=false
 #1: stderr all=off uptime,level,tags foldmultilines=false

Environment Variables:
PATH=/usr/bin:/bin:/usr/sbin:/sbin
SHELL=/bin/zsh
TMPDIR=/var/folders/rb/_05v649131g_yx5_b4hzwmg80000gn/T/

Active Locale:
LC_ALL=C
LC_COLLATE=C
LC_CTYPE=C
LC_MESSAGES=C
LC_MONETARY=C
LC_NUMERIC=C
LC_TIME=C

Signal Handlers:
   SIGSEGV: crash_handler in libjvm.dylib, mask=11100110000111110111111111111111, flags=SA_ONSTACK|SA_RESTART|SA_SIGINFO, unblocked
    SIGBUS: crash_handler in libjvm.dylib, mask=11100110000111110111111111111111, flags=SA_RESTART|SA_SIGINFO, unblocked
    SIGFPE: crash_handler in libjvm.dylib, mask=11100110000111110111111111111111, flags=SA_RESTART|SA_SIGINFO, unblocked
   SIGPIPE: javaSignalHandler in libjvm.dylib, mask=11100110000111110111111111111111, flags=SA_RESTART|SA_SIGINFO, blocked
   SIGXFSZ: javaSignalHandler in libjvm.dylib, mask=11100110000111110111111111111111, flags=SA_RESTART|SA_SIGINFO, blocked
    SIGILL: crash_handler in libjvm.dylib, mask=11100110000111110111111111111111, flags=SA_RESTART|SA_SIGINFO, unblocked
   SIGUSR2: SR_handler in libjvm.dylib, mask=00100000000000000000000000000000, flags=SA_RESTART|SA_SIGINFO, blocked
    SIGHUP: UserHandler in libjvm.dylib, mask=11100110000111110111111111111111, flags=SA_RESTART|SA_SIGINFO, blocked
    SIGINT: UserHandler in libjvm.dylib, mask=11100110000111110111111111111111, flags=SA_RESTART|SA_SIGINFO, blocked
   SIGTERM: UserHandler in libjvm.dylib, mask=11100110000111110111111111111111, flags=SA_RESTART|SA_SIGINFO, blocked
   SIGQUIT: UserHandler in libjvm.dylib, mask=11100110000111110111111111111111, flags=SA_RESTART|SA_SIGINFO, blocked
   SIGTRAP: crash_handler in libjvm.dylib, mask=11100110000111110111111111111111, flags=SA_RESTART|SA_SIGINFO, unblocked


---------------  S Y S T E M  ---------------

OS:
uname: Darwin 23.1.0 Darwin Kernel Version 23.1.0: Mon Oct  9 21:27:24 PDT 2023; root:xnu-10002.41.9~6/RELEASE_ARM64_T6000 arm64
OS uptime: 20 days 13:54 hours
rlimit (soft/hard): STACK 8176k/65520k , CORE 0k/infinity , NPROC 2666/4000 , NOFILE 12544/infinity , AS infinity/infinity , CPU infinity/infinity , DATA infinity/infinity , FSIZE infinity/infinity , MEMLOCK infinity/infinity , RSS infinity/infinity
load average: 4.45 2.92 2.55

CPU: total 8 (initial active 8) 0x61:0x0:0x1b588bb3:0, fp, asimd, aes, pmull, crc32, lse

Memory: 16k page, physical 16777216k(316640k free), swap 0k(0k free)

vm_info: Java HotSpot(TM) 64-Bit Server VM (20.0.2+9-78) for bsd-aarch64 JRE (20.0.2+9-78), built on 2023-06-14T10:08:48Z by "mach5one" with clang Apple LLVM 12.0.0 (clang-1200.0.32.29)

END.
